-------------------------------------------------------------------
         SDDP.jl (c) Oscar Dowson and contributors, 2017-25
-------------------------------------------------------------------
problem
  nodes           : 30
  state variables : 5
  scenarios       : 7.57812e+11
  existing cuts   : false
options
  solver          : serial mode
  risk measure    : A convex combination of 0.5 * SDDP.Expectation() + 0.5 * SDDP.AVaR(0.25)
  sampling scheme : SDDP.SimulatorSamplingScheme{typeof(Main.__atexample__named__example_milk_producer.simulator)}
subproblem structure
  VariableRef                             : [15, 15]
  AffExpr in MOI.EqualTo{Float64}         : [5, 5]
  VariableRef in MOI.EqualTo{Float64}     : [1, 1]
  VariableRef in MOI.GreaterThan{Float64} : [8, 9]
  VariableRef in MOI.LessThan{Float64}    : [4, 4]
numerical stability report
  matrix range     [1e+00, 1e+00]
  objective range  [1e+00, 1e+01]
  bounds range     [2e+00, 1e+02]
  rhs range        [0e+00, 0e+00]
-------------------------------------------------------------------
 iteration    simulation      bound        time (s)     solves  pid
-------------------------------------------------------------------
         1  -2.763461e+01  5.742020e+01  1.258062e+00       162   1
        63   8.942224e+00  7.828282e+00  2.316553e+00     10206   1
       113   9.370083e+00  7.825606e+00  3.319823e+00     18306   1
       158   9.113800e+00  7.816140e+00  4.333742e+00     25596   1
       199   5.228086e+00  7.815574e+00  5.335500e+00     32238   1
       236   8.795801e+00  7.814887e+00  6.352102e+00     38232   1
       272   8.968951e+00  7.814839e+00  7.359173e+00     44064   1
       306   8.542557e+00  7.814147e+00  8.387192e+00     49572   1
       337   9.023620e+00  7.814009e+00  9.407731e+00     54594   1
       480   8.550476e+00  7.813477e+00  1.442139e+01     77760   1
       591   9.039331e+00  7.813393e+00  1.963754e+01     95742   1
       600   9.555555e+00  7.813393e+00  2.003919e+01     97200   1
-------------------------------------------------------------------
status         : time_limit
total time (s) : 2.003919e+01
total solves   : 97200
best bound     :  7.813393e+00
simulation ci  :  8.853682e+00 ± 2.904313e-01
numeric issues : 0
-------------------------------------------------------------------

-------------------------------------------------------------------
         SDDP.jl (c) Oscar Dowson and contributors, 2017-25
-------------------------------------------------------------------
problem
  nodes           : 2
  state variables : 1
  scenarios       : 1.00000e+02
  existing cuts   : false
options
  solver          : serial mode
  risk measure    : SDDP.Expectation()
  sampling scheme : SDDP.InSampleMonteCarlo
subproblem structure
  VariableRef                             : [4, 4]
  AffExpr in MOI.EqualTo{Float64}         : [1, 1]
  AffExpr in MOI.LessThan{Float64}        : [1, 1]
  VariableRef in MOI.GreaterThan{Float64} : [2, 3]
  VariableRef in MOI.LessThan{Float64}    : [1, 2]
numerical stability report
  matrix range     [1e+00, 1e+00]
  objective range  [1e-01, 5e+00]
  bounds range     [2e+02, 1e+03]
  rhs range        [0e+00, 0e+00]
-------------------------------------------------------------------
 iteration    simulation      bound        time (s)     solves  pid
-------------------------------------------------------------------
         1   0.000000e+00  7.385008e+02  7.879019e-03       103   1
         2   4.386707e+02  6.076404e+02  2.431321e-02       406   1
         3   6.076404e+02  5.706427e+02  2.895212e-02       509   1
         4   6.311771e+02  5.683040e+02  3.359413e-02       612   1
         5   4.312430e+02  5.669580e+02  3.813410e-02       715   1
         6   5.269248e+02  5.663215e+02  4.274702e-02       818   1
         7   6.163542e+02  5.662804e+02  4.732704e-02       921   1
         8   4.661298e+02  5.662412e+02  5.199313e-02      1024   1
         9   5.980850e+02  5.662392e+02  5.665708e-02      1127   1
        10   4.601287e+02  5.662392e+02  6.128311e-02      1230   1
        11   5.484948e+02  5.662392e+02  6.604600e-02      1333   1
        12   6.182908e+02  5.662392e+02  7.080507e-02      1436   1
        13   4.762292e+02  5.662392e+02  7.563519e-02      1539   1
        14   6.182908e+02  5.662392e+02  8.044410e-02      1642   1
        15   6.182908e+02  5.662392e+02  8.529902e-02      1745   1
        16   5.228177e+02  5.662392e+02  9.010816e-02      1848   1
        17   6.182908e+02  5.662392e+02  9.491301e-02      1951   1
        18   5.434274e+02  5.662392e+02  9.972715e-02      2054   1
        19   5.641676e+02  5.662392e+02  1.045532e-01      2157   1
        20   6.182908e+02  5.662392e+02  1.094041e-01      2260   1
        21   6.182908e+02  5.662392e+02  1.285701e-01      2563   1
        22   4.930856e+02  5.662392e+02  1.334970e-01      2666   1
        23   4.834500e+02  5.662392e+02  1.383922e-01      2769   1
        24   5.166626e+02  5.662392e+02  1.436150e-01      2872   1
        25   6.182908e+02  5.662392e+02  1.485450e-01      2975   1
        26   6.182908e+02  5.662392e+02  1.534572e-01      3078   1
        27   5.185003e+02  5.662392e+02  1.583881e-01      3181   1
        28   4.882823e+02  5.662392e+02  1.633160e-01      3284   1
        29   6.182908e+02  5.662392e+02  1.682670e-01      3387   1
        30   6.182908e+02  5.662392e+02  1.731961e-01      3490   1
        31   5.728158e+02  5.662392e+02  1.781092e-01      3593   1
        32   4.882823e+02  5.662392e+02  1.830111e-01      3696   1
        33   6.153431e+02  5.662392e+02  1.880462e-01      3799   1
        34   6.182908e+02  5.662392e+02  1.925640e-01      3902   1
        35   6.182908e+02  5.662392e+02  1.970222e-01      4005   1
        36   6.182908e+02  5.662392e+02  2.015340e-01      4108   1
        37   6.182908e+02  5.662392e+02  2.060161e-01      4211   1
        38   5.484948e+02  5.662392e+02  2.107491e-01      4314   1
        39   4.762292e+02  5.662392e+02  2.153270e-01      4417   1
        40   6.182908e+02  5.662392e+02  2.199192e-01      4520   1
-------------------------------------------------------------------
status         : simulation_stopping
total time (s) : 2.199192e-01
total solves   : 4520
best bound     :  5.662392e+02
simulation ci  :  5.476750e+02 ± 3.384133e+01
numeric issues : 0
-------------------------------------------------------------------

-------------------------------------------------------------------
         SDDP.jl (c) Oscar Dowson and contributors, 2017-25
-------------------------------------------------------------------
problem
  nodes           : 52
  state variables : 1
  scenarios       : 1.00000e+00
  existing cuts   : false
options
  solver          : serial mode
  risk measure    : SDDP.Expectation()
  sampling scheme : SDDP.InSampleMonteCarlo
subproblem structure
  VariableRef                             : [7, 7]
  AffExpr in MOI.EqualTo{Float64}         : [2, 2]
  VariableRef in MOI.EqualTo{Float64}     : [1, 1]
  VariableRef in MOI.GreaterThan{Float64} : [5, 5]
  VariableRef in MOI.LessThan{Float64}    : [2, 3]
numerical stability report
  matrix range     [1e+00, 1e+00]
  objective range  [1e+00, 2e+01]
  bounds range     [1e+01, 3e+02]
  rhs range        [7e+00, 1e+01]
-------------------------------------------------------------------
 iteration    simulation      bound        time (s)     solves  pid
-------------------------------------------------------------------
         1   1.079600e+03  3.157700e+02  7.230186e-02       104   1
        10   6.829100e+02  6.829100e+02  1.640389e-01      1040   1
-------------------------------------------------------------------
status         : iteration_limit
total time (s) : 1.640389e-01
total solves   : 1040
best bound     :  6.829100e+02
simulation ci  :  7.289889e+02 ± 7.726064e+01
numeric issues : 0
-------------------------------------------------------------------

-------------------------------------------------------------------
         SDDP.jl (c) Oscar Dowson and contributors, 2017-25
-------------------------------------------------------------------
problem
  nodes           : 52
  state variables : 1
  scenarios       : 6.46108e+24
  existing cuts   : false
options
  solver          : serial mode
  risk measure    : SDDP.Expectation()
  sampling scheme : SDDP.InSampleMonteCarlo
subproblem structure
  VariableRef                             : [7, 7]
  AffExpr in MOI.EqualTo{Float64}         : [2, 2]
  VariableRef in MOI.EqualTo{Float64}     : [1, 1]
  VariableRef in MOI.GreaterThan{Float64} : [5, 5]
  VariableRef in MOI.LessThan{Float64}    : [2, 3]
numerical stability report
  matrix range     [1e+00, 1e+00]
  objective range  [1e+00, 2e+01]
  bounds range     [1e+01, 3e+02]
  rhs range        [7e+00, 1e+01]
-------------------------------------------------------------------
 iteration    simulation      bound        time (s)     solves  pid
-------------------------------------------------------------------
         1   5.807500e+02  1.416645e+00  7.431197e-02       208   1
        48   7.140000e+01  2.537677e+02  1.088514e+00      9984   1
        87   1.396500e+02  2.677991e+02  2.091648e+00     18096   1
       100   1.080417e+02  2.698451e+02  2.461771e+00     20800   1
-------------------------------------------------------------------
status         : iteration_limit
total time (s) : 2.461771e+00
total solves   : 20800
best bound     :  2.698451e+02
simulation ci  :  2.822999e+02 ± 4.158224e+01
numeric issues : 0
-------------------------------------------------------------------

-------------------------------------------------------------------
         SDDP.jl (c) Oscar Dowson and contributors, 2017-25
-------------------------------------------------------------------
problem
  nodes           : 52
  state variables : 1
  scenarios       : Inf
  existing cuts   : false
options
  solver          : serial mode
  risk measure    : SDDP.Expectation()
  sampling scheme : SDDP.InSampleMonteCarlo
subproblem structure
  VariableRef                             : [7, 7]
  AffExpr in MOI.EqualTo{Float64}         : [2, 2]
  VariableRef in MOI.EqualTo{Float64}     : [1, 1]
  VariableRef in MOI.GreaterThan{Float64} : [5, 5]
  VariableRef in MOI.LessThan{Float64}    : [2, 2]
numerical stability report
  matrix range     [1e+00, 1e+00]
  objective range  [1e+00, 2e+01]
  bounds range     [1e+01, 3e+02]
  rhs range        [7e+00, 1e+01]
-------------------------------------------------------------------
 iteration    simulation      bound        time (s)     solves  pid
-------------------------------------------------------------------
         1   1.601440e+05  7.246936e+04  5.866230e-01      6451   1
         5   1.012192e+05  9.027311e+04  1.859268e+00     20399   1
        10   9.009031e+04  9.268898e+04  3.079581e+00     32686   1
        13   2.567923e+05  9.322782e+04  4.792580e+00     46631   1
        15   1.782471e+05  9.323411e+04  5.839066e+00     54333   1
        19   9.287445e+04  9.331104e+04  6.886717e+00     61833   1
        22   7.138993e+04  9.334022e+04  8.169839e+00     70578   1
        29   5.754425e+04  9.335928e+04  1.352853e+01    101591   1
        35   2.067176e+05  9.336794e+04  1.906170e+01    129689   1
        40   1.484919e+05  9.337347e+04  2.548727e+01    157784   1
        45   2.634737e+05  9.337574e+04  3.252007e+01    185671   1
        48   4.214282e+05  9.337935e+04  4.117734e+01    216256   1
        52   1.261702e+05  9.338344e+04  4.620598e+01    233324   1
        59   3.116133e+05  9.338453e+04  5.510042e+01    261009   1
        67   3.413643e+05  9.338660e+04  6.371809e+01    285785   1
        71   1.748374e+05  9.338677e+04  6.942481e+01    301605   1
        75   1.470746e+05  9.338735e+04  7.449399e+01    315137   1
        81   2.376157e+04  9.338910e+04  7.975270e+01    329091   1
        85   2.767051e+05  9.338992e+04  8.530301e+01    343247   1
        91   2.398126e+05  9.339057e+04  9.470612e+01    365937   1
        93   1.648409e+05  9.339073e+04  1.016892e+02    382167   1
        99   6.263174e+04  9.339270e+04  1.074312e+02    395289   1
       100   9.608257e+03  9.339272e+04  1.076955e+02    395916   1
-------------------------------------------------------------------
status         : iteration_limit
total time (s) : 1.076955e+02
total solves   : 395916
best bound     :  9.339272e+04
simulation ci  :  8.881112e+04 ± 1.730574e+04
numeric issues : 0
-------------------------------------------------------------------

-------------------------------------------------------------------
         SDDP.jl (c) Oscar Dowson and contributors, 2017-25
-------------------------------------------------------------------
problem
  nodes           : 3
  state variables : 1
  scenarios       : 2.70000e+01
  existing cuts   : false
options
  solver          : serial mode
  risk measure    : SDDP.Expectation()
  sampling scheme : SDDP.InSampleMonteCarlo
subproblem structure
  VariableRef                             : [7, 7]
  AffExpr in MOI.EqualTo{Float64}         : [2, 2]
  VariableRef in MOI.EqualTo{Float64}     : [1, 1]
  VariableRef in MOI.GreaterThan{Float64} : [5, 5]
  VariableRef in MOI.LessThan{Float64}    : [1, 2]
numerical stability report
  matrix range     [1e+00, 1e+00]
  objective range  [1e+00, 2e+02]
  bounds range     [2e+02, 2e+02]
  rhs range        [2e+02, 2e+02]
-------------------------------------------------------------------
 iteration    simulation      bound        time (s)     solves  pid
-------------------------------------------------------------------
         1   1.250000e+04  3.437500e+03  5.753994e-03        12   1
        10   1.500000e+04  8.333333e+03  1.525712e-02       120   1
-------------------------------------------------------------------
status         : iteration_limit
total time (s) : 1.525712e-02
total solves   : 120
best bound     :  8.333333e+03
simulation ci  :  7.656250e+03 ± 3.535386e+03
numeric issues : 0
-------------------------------------------------------------------

-------------------------------------------------------------------
         SDDP.jl (c) Oscar Dowson and contributors, 2017-25
-------------------------------------------------------------------
problem
  nodes           : 11
  state variables : 3
  scenarios       : 1.02400e+13
  existing cuts   : false
options
  solver          : serial mode
  risk measure    : SDDP.Expectation()
  sampling scheme : SDDP.InSampleMonteCarlo
subproblem structure
  VariableRef                             : [9, 9]
  AffExpr in MOI.EqualTo{Float64}         : [2, 2]
  VariableRef in MOI.EqualTo{Float64}     : [1, 2]
  VariableRef in MOI.GreaterThan{Float64} : [4, 5]
  VariableRef in MOI.LessThan{Float64}    : [1, 1]
numerical stability report
  matrix range     [1e+00, 1e+00]
  objective range  [1e+00, 4e+01]
  bounds range     [0e+00, 0e+00]
  rhs range        [0e+00, 0e+00]
-------------------------------------------------------------------
 iteration    simulation      bound        time (s)     solves  pid
-------------------------------------------------------------------
         1   4.898789e+05  4.573582e+04  2.497482e-02       212   1
        51   1.658393e+05  1.443356e+05  1.025079e+00     14112   1
       111   1.650395e+05  1.443372e+05  2.038708e+00     29032   1
       174   1.475237e+05  1.443373e+05  3.049005e+00     42388   1
       189   1.071026e+05  1.443373e+05  4.050086e+00     46668   1
       250   1.633553e+05  1.443373e+05  5.064307e+00     59600   1
       302   1.558184e+05  1.443373e+05  6.073280e+00     71724   1
       347   1.657132e+05  1.443373e+05  7.075511e+00     81264   1
       386   1.455447e+05  1.443373e+05  7.878586e+00     89532   1
-------------------------------------------------------------------
status         : simulation_stopping
total time (s) : 7.878586e+00
total solves   : 89532
best bound     :  1.443373e+05
simulation ci  :  1.464313e+05 ± 3.256736e+03
numeric issues : 0
-------------------------------------------------------------------

-------------------------------------------------------------------
         SDDP.jl (c) Oscar Dowson and contributors, 2017-25
-------------------------------------------------------------------
problem
  nodes           : 2
  state variables : 3
  scenarios       : Inf
  existing cuts   : false
options
  solver          : serial mode
  risk measure    : SDDP.Expectation()
  sampling scheme : SDDP.InSampleMonteCarlo
subproblem structure
  VariableRef                             : [9, 9]
  AffExpr in MOI.EqualTo{Float64}         : [2, 2]
  VariableRef in MOI.EqualTo{Float64}     : [1, 2]
  VariableRef in MOI.GreaterThan{Float64} : [4, 5]
numerical stability report
  matrix range     [1e+00, 1e+00]
  objective range  [1e+00, 4e+01]
  bounds range     [0e+00, 0e+00]
  rhs range        [0e+00, 0e+00]
-------------------------------------------------------------------
 iteration    simulation      bound        time (s)     solves  pid
-------------------------------------------------------------------
         1   2.065895e+05  4.478644e+04  1.426601e-02       190   1
        27   5.566805e+05  2.861459e+05  1.059054e+00     13824   1
        63   4.758518e+04  3.115449e+05  2.060752e+00     25788   1
        82   6.481681e+05  3.125147e+05  3.093670e+00     36538   1
       104   3.164179e+05  3.126445e+05  4.134465e+00     45548   1
       127   1.974513e+05  3.126625e+05  5.143609e+00     53782   1
       139   6.198640e+05  3.126643e+05  6.275925e+00     61879   1
       151   7.172926e+05  3.126648e+05  7.385032e+00     68863   1
       173   8.528709e+05  3.126650e+05  8.514837e+00     76382   1
       183   1.977293e+06  3.126650e+05  9.555644e+00     82860   1
       229   1.026176e+06  3.126650e+05  1.480726e+01    105040   1
       274   6.685000e+04  3.126650e+05  1.981971e+01    121213   1
       302   1.208913e+06  3.126650e+05  2.498614e+01    135962   1
       326   1.424711e+05  3.126650e+05  3.000942e+01    148271   1
       349   3.107237e+05  3.126650e+05  3.511854e+01    159613   1
       364   8.153132e+05  3.126650e+05  4.044763e+01    168427   1
       378   7.866816e+05  3.126650e+05  4.590010e+01    176022   1
       391   7.047105e+04  3.126650e+05  5.094369e+01    182671   1
       400   7.880789e+04  3.126650e+05  5.385140e+01    187153   1
-------------------------------------------------------------------
status         : iteration_limit
total time (s) : 5.385140e+01
total solves   : 187153
best bound     :  3.126650e+05
simulation ci  :  3.362392e+05 ± 3.066125e+04
numeric issues : 0
-------------------------------------------------------------------

-------------------------------------------------------------------
         SDDP.jl (c) Oscar Dowson and contributors, 2017-25
-------------------------------------------------------------------
problem
  nodes           : 5
  state variables : 1
  scenarios       : 1.08000e+02
  existing cuts   : false
options
  solver          : serial mode
  risk measure    : SDDP.Expectation()
  sampling scheme : SDDP.InSampleMonteCarlo
subproblem structure
  VariableRef                             : [7, 7]
  AffExpr in MOI.EqualTo{Float64}         : [2, 2]
  VariableRef in MOI.EqualTo{Float64}     : [1, 1]
  VariableRef in MOI.GreaterThan{Float64} : [5, 5]
  VariableRef in MOI.LessThan{Float64}    : [1, 2]
numerical stability report
  matrix range     [1e+00, 1e+00]
  objective range  [1e+00, 2e+02]
  bounds range     [2e+02, 2e+02]
  rhs range        [2e+02, 2e+02]
-------------------------------------------------------------------
 iteration    simulation      bound        time (s)     solves  pid
-------------------------------------------------------------------
         1   3.875000e+04  3.753370e+03  8.972883e-03        18   1
        40   1.312500e+04  8.072917e+03  1.311529e-01      1320   1
-------------------------------------------------------------------
status         : simulation_stopping
total time (s) : 1.311529e-01
total solves   : 1320
best bound     :  8.072917e+03
simulation ci  :  9.676324e+03 ± 2.948069e+03
numeric issues : 0
-------------------------------------------------------------------

-------------------------------------------------------------------
         SDDP.jl (c) Oscar Dowson and contributors, 2017-25
-------------------------------------------------------------------
problem
  nodes           : 3
  state variables : 1
  scenarios       : 1.00000e+00
  existing cuts   : false
options
  solver          : serial mode
  risk measure    : SDDP.Expectation()
  sampling scheme : SDDP.InSampleMonteCarlo
subproblem structure
  VariableRef                             : [4, 4]
  AffExpr in MOI.EqualTo{Float64}         : [1, 1]
  AffExpr in MOI.LessThan{Float64}        : [1, 1]
  VariableRef in MOI.EqualTo{Float64}     : [1, 1]
  VariableRef in MOI.GreaterThan{Float64} : [2, 3]
  VariableRef in MOI.LessThan{Float64}    : [1, 1]
numerical stability report
  matrix range     [1e+00, 1e+00]
  objective range  [0e+00, 0e+00]
  bounds range     [0e+00, 0e+00]
  rhs range        [0e+00, 0e+00]
-------------------------------------------------------------------
 iteration    simulation      bound        time (s)     solves  pid
-------------------------------------------------------------------
         1   2.499895e+01  1.562631e+00  1.850820e-02         6   1
        40   8.333333e+00  8.333333e+00  7.089710e-01       246   1
-------------------------------------------------------------------
status         : simulation_stopping
total time (s) : 7.089710e-01
total solves   : 246
best bound     :  8.333333e+00
simulation ci  :  8.810723e+00 ± 8.167195e-01
numeric issues : 0
-------------------------------------------------------------------

-------------------------------------------------------------------
         SDDP.jl (c) Oscar Dowson and contributors, 2017-25
-------------------------------------------------------------------
problem
  nodes           : 1
  state variables : 12
  scenarios       : Inf
  existing cuts   : false
options
  solver          : serial mode
  risk measure    : SDDP.Expectation()
  sampling scheme : SDDP.InSampleMonteCarlo
subproblem structure
  VariableRef                          : [25, 25]
  AffExpr in MOI.EqualTo{Float64}      : [1, 1]
  AffExpr in MOI.LessThan{Float64}     : [13, 13]
  VariableRef in MOI.LessThan{Float64} : [1, 1]
  VariableRef in MOI.ZeroOne           : [12, 12]
numerical stability report
  matrix range     [1e+00, 1e+00]
  objective range  [1e+00, 1e+00]
  bounds range     [1e+01, 1e+01]
  rhs range        [1e+00, 1e+00]
-------------------------------------------------------------------
 iteration    simulation      bound        time (s)     solves  pid
-------------------------------------------------------------------
         1   0.000000e+00  8.100000e+00  3.704071e-03         5   1
        40   0.000000e+00  6.561000e+00  6.538301e-01      2800   1
-------------------------------------------------------------------
status         : simulation_stopping
total time (s) : 6.538301e-01
total solves   : 2800
best bound     :  6.561000e+00
simulation ci  :  5.900000e+00 ± 3.090916e+00
numeric issues : 0
-------------------------------------------------------------------

-------------------------------------------------------------------
         SDDP.jl (c) Oscar Dowson and contributors, 2017-25
-------------------------------------------------------------------
problem
  nodes           : 3
  state variables : 1
  scenarios       : 1.72800e+03
  existing cuts   : false
options
  solver          : serial mode
  risk measure    : SDDP.Expectation()
  sampling scheme : SDDP.InSampleMonteCarlo
subproblem structure
  VariableRef                             : [8, 8]
  AffExpr in MOI.EqualTo{Float64}         : [2, 4]
  AffExpr in MOI.GreaterThan{Float64}     : [2, 2]
  VariableRef in MOI.EqualTo{Float64}     : [1, 1]
  VariableRef in MOI.GreaterThan{Float64} : [6, 6]
  VariableRef in MOI.LessThan{Float64}    : [2, 3]
-------------------------------------------------------------------
 iteration    simulation      bound        time (s)     solves  pid
-------------------------------------------------------------------
         1   5.906250e+03  3.900000e+03  1.148605e-02        39   1
        43   3.712500e+03  5.090589e+03  1.954250e-01      2277   1
-------------------------------------------------------------------
status         : simulation_stopping
total time (s) : 1.954250e-01
total solves   : 2277
best bound     :  5.090589e+03
simulation ci  :  4.802234e+03 ± 1.066398e+03
numeric issues : 0
-------------------------------------------------------------------

-------------------------------------------------------------------
         SDDP.jl (c) Oscar Dowson and contributors, 2017-25
-------------------------------------------------------------------
problem
  nodes           : 3
  state variables : 1
  scenarios       : 1.72800e+03
  existing cuts   : false
options
  solver          : serial mode
  risk measure    : SDDP.Expectation()
  sampling scheme : SDDP.InSampleMonteCarlo
subproblem structure
  VariableRef                             : [9, 9]
  AffExpr in MOI.EqualTo{Float64}         : [2, 10]
  AffExpr in MOI.GreaterThan{Float64}     : [4, 4]
  VariableRef in MOI.EqualTo{Float64}     : [1, 1]
  VariableRef in MOI.GreaterThan{Float64} : [7, 7]
  VariableRef in MOI.LessThan{Float64}    : [3, 4]
-------------------------------------------------------------------
 iteration    simulation      bound        time (s)     solves  pid
-------------------------------------------------------------------
         1   7.687500e+03  3.424970e+03  1.281190e-02        39   1
        62   9.562500e+03  5.135984e+03  2.906311e-01      3318   1
-------------------------------------------------------------------
status         : simulation_stopping
total time (s) : 2.906311e-01
total solves   : 3318
best bound     :  5.135984e+03
simulation ci  :  5.610770e+03 ± 1.076938e+03
numeric issues : 0
-------------------------------------------------------------------

-------------------------------------------------------------------
         SDDP.jl (c) Oscar Dowson and contributors, 2017-25
-------------------------------------------------------------------
problem
  nodes           : 3
  state variables : 1
  scenarios       : 2.70000e+01
  existing cuts   : false
options
  solver          : serial mode
  risk measure    : SDDP.Expectation()
  sampling scheme : SDDP.InSampleMonteCarlo
subproblem structure
  VariableRef                             : [7, 7]
  AffExpr in MOI.EqualTo{Float64}         : [2, 2]
  VariableRef in MOI.EqualTo{Float64}     : [1, 1]
  VariableRef in MOI.GreaterThan{Float64} : [5, 5]
  VariableRef in MOI.LessThan{Float64}    : [1, 2]
numerical stability report
  matrix range     [1e+00, 1e+00]
  objective range  [1e+00, 2e+02]
  bounds range     [2e+02, 2e+02]
  rhs range        [2e+02, 2e+02]
-------------------------------------------------------------------
 iteration    simulation      bound        time (s)     solves  pid
-------------------------------------------------------------------
         1   2.812500e+04  3.958333e+03  5.769014e-03        12   1
        40   5.000000e+03  1.062500e+04  6.634116e-02       642   1
-------------------------------------------------------------------
status         : simulation_stopping
total time (s) : 6.634116e-02
total solves   : 642
best bound     :  1.062500e+04
simulation ci  :  1.238101e+04 ± 2.544712e+03
numeric issues : 0
-------------------------------------------------------------------

-------------------------------------------------------------------
         SDDP.jl (c) Oscar Dowson and contributors, 2017-25
-------------------------------------------------------------------
problem
  nodes           : 1
  state variables : 1
  scenarios       : Inf
  existing cuts   : false
options
  solver          : serial mode
  risk measure    : SDDP.Expectation()
  sampling scheme : SDDP.InSampleMonteCarlo
subproblem structure
  VariableRef                             : [20, 20]
  AffExpr in MOI.EqualTo{Float64}         : [13, 13]
  AffExpr in MOI.Interval{Float64}        : [6, 6]
  VariableRef in MOI.GreaterThan{Float64} : [14, 14]
  VariableRef in MOI.LessThan{Float64}    : [11, 11]
numerical stability report
  matrix range     [1e+00, 2e+02]
  objective range  [1e+00, 1e+06]
  bounds range     [4e-01, 6e+00]
  rhs range        [5e-01, 5e+00]
-------------------------------------------------------------------
 iteration    simulation      bound        time (s)     solves  pid
-------------------------------------------------------------------
         1   8.595329e+06  1.006802e+05  5.261209e-01       151   1
         6   2.500662e+05  2.670243e+05  1.757182e+00       358   1
         8   7.090443e+05  4.009795e+05  3.116280e+00       528   1
        10   7.464320e+05  4.083856e+05  4.271027e+00       706   1
-------------------------------------------------------------------
status         : iteration_limit
total time (s) : 4.271027e+00
total solves   : 706
best bound     :  4.083856e+05
simulation ci  :  1.308651e+06 ± 1.628350e+06
numeric issues : 0
-------------------------------------------------------------------

-------------------------------------------------------------------
         SDDP.jl (c) Oscar Dowson and contributors, 2017-25
-------------------------------------------------------------------
problem
  nodes           : 1
  state variables : 1
  scenarios       : Inf
  existing cuts   : false
options
  solver          : serial mode
  risk measure    : SDDP.Expectation()
  sampling scheme : SDDP.InSampleMonteCarlo
subproblem structure
  VariableRef                             : [48, 48]
  AffExpr in MOI.EqualTo{Float64}         : [12, 12]
  AffExpr in MOI.Interval{Float64}        : [6, 6]
  NonlinearExpr in MOI.EqualTo{Float64}   : [24, 24]
  QuadExpr in MOI.LessThan{Float64}       : [12, 12]
  VariableRef in MOI.GreaterThan{Float64} : [42, 42]
  VariableRef in MOI.LessThan{Float64}    : [39, 39]
numerical stability report
  matrix range     [1e+00, 1e+00]
  objective range  [1e+00, 1e+06]
  bounds range     [3e-01, 6e+00]
  rhs range        [5e-01, 2e+01]
-------------------------------------------------------------------
 iteration    simulation      bound        time (s)     solves  pid
-------------------------------------------------------------------
         1   3.843251e+06  6.824463e+04  7.843969e-01        87   1
         3   2.375897e+06  1.051773e+05  3.497441e+00       293   1
         4   6.728482e+05  3.492600e+05  5.283509e+00       412   1
         5   5.027438e+06  3.509640e+05  6.573967e+00       519   1
         6   3.750323e+05  3.670084e+05  7.670289e+00       590   1
         7   7.191435e+05  3.672947e+05  9.372340e+00       725   1
        10   6.430910e+04  4.054373e+05  1.385268e+01      1030   1
-------------------------------------------------------------------
status         : iteration_limit
total time (s) : 1.385268e+01
total solves   : 1030
best bound     :  4.054373e+05
simulation ci  :  1.543908e+06 ± 1.047531e+06
numeric issues : 0
-------------------------------------------------------------------

-------------------------------------------------------------------
         SDDP.jl (c) Oscar Dowson and contributors, 2017-25
-------------------------------------------------------------------
problem
  nodes           : 1
  state variables : 1
  scenarios       : Inf
  existing cuts   : false
options
  solver          : serial mode
  risk measure    : SDDP.Expectation()
  sampling scheme : SDDP.InSampleMonteCarlo
subproblem structure
  VariableRef                             : [20, 20]
  AffExpr in MOI.EqualTo{Float64}         : [13, 13]
  AffExpr in MOI.Interval{Float64}        : [6, 6]
  VariableRef in MOI.GreaterThan{Float64} : [14, 14]
  VariableRef in MOI.LessThan{Float64}    : [11, 11]
numerical stability report
  matrix range     [1e+00, 2e+02]
  objective range  [1e+00, 1e+06]
  bounds range     [4e-01, 6e+00]
  rhs range        [5e-01, 5e+00]
-------------------------------------------------------------------
 iteration    simulation      bound        time (s)     solves  pid
-------------------------------------------------------------------
         1   2.971012e+06  8.473743e+04  3.870552e-01        63   1
         2   1.329763e+06  8.358368e+04  1.705359e+00       180   1
         4   3.074055e+06  3.120655e+05  3.411033e+00       354   1
         5   8.833555e+05  4.084943e+05  4.514285e+00       468   1
         8   2.994704e+06  4.190946e+05  8.708231e+00       807   1
        10   6.448411e+05  4.296348e+05  9.793974e+00       909   1
-------------------------------------------------------------------
status         : iteration_limit
total time (s) : 9.793974e+00
total solves   : 909
best bound     :  4.296348e+05
simulation ci  :  1.296026e+06 ± 7.716122e+05
numeric issues : 0
-------------------------------------------------------------------

-------------------------------------------------------------------
         SDDP.jl (c) Oscar Dowson and contributors, 2017-25
-------------------------------------------------------------------
problem
  nodes           : 5
  state variables : 1
  scenarios       : 1.08000e+02
  existing cuts   : false
options
  solver          : serial mode
  risk measure    : SDDP.Expectation()
  sampling scheme : SDDP.InSampleMonteCarlo
subproblem structure
  VariableRef                             : [7, 7]
  AffExpr in MOI.EqualTo{Float64}         : [2, 2]
  VariableRef in MOI.EqualTo{Float64}     : [1, 1]
  VariableRef in MOI.GreaterThan{Float64} : [5, 5]
  VariableRef in MOI.LessThan{Float64}    : [1, 2]
-------------------------------------------------------------------
 iteration    simulation      bound        time (s)     solves  pid
-------------------------------------------------------------------
         1   1.062500e+04  3.753370e+03  9.330988e-03        18   1
        20   1.125000e+04  8.072917e+03  4.297090e-02       360   1
-------------------------------------------------------------------
status         : iteration_limit
total time (s) : 4.297090e-02
total solves   : 360
best bound     :  8.072917e+03
simulation ci  :  7.218891e+03 ± 2.447493e+03
numeric issues : 0
-------------------------------------------------------------------

-------------------------------------------------------------------
         SDDP.jl (c) Oscar Dowson and contributors, 2017-25
-------------------------------------------------------------------
problem
  nodes           : 3
  state variables : 1
  scenarios       : 1.00000e+00
  existing cuts   : false
options
  solver          : serial mode
  risk measure    : SDDP.Expectation()
  sampling scheme : SDDP.InSampleMonteCarlo
subproblem structure
  VariableRef                             : [5, 5]
  AffExpr in MOI.EqualTo{Float64}         : [2, 2]
  VariableRef in MOI.GreaterThan{Float64} : [4, 4]
  VariableRef in MOI.LessThan{Float64}    : [1, 1]
-------------------------------------------------------------------
 iteration    simulation      bound        time (s)     solves  pid
-------------------------------------------------------------------
         1   6.500000e+00  3.000000e+00  5.815983e-03         6   1
         5   3.500000e+00  3.500000e+00  8.408070e-03        30   1
-------------------------------------------------------------------
status         : iteration_limit
total time (s) : 8.408070e-03
total solves   : 30
best bound     :  3.500000e+00
simulation ci  :  4.100000e+00 ± 1.176000e+00
numeric issues : 0
-------------------------------------------------------------------

-------------------------------------------------------------------
         SDDP.jl (c) Oscar Dowson and contributors, 2017-25
-------------------------------------------------------------------
problem
  nodes           : 3
  state variables : 1
  scenarios       : 1.00000e+00
  existing cuts   : false
options
  solver          : serial mode
  risk measure    : SDDP.Expectation()
  sampling scheme : SDDP.InSampleMonteCarlo
subproblem structure
  VariableRef                             : [5, 5]
  AffExpr in MOI.EqualTo{Float64}         : [2, 2]
  VariableRef in MOI.GreaterThan{Float64} : [4, 4]
  VariableRef in MOI.LessThan{Float64}    : [1, 1]
-------------------------------------------------------------------
 iteration    simulation      bound        time (s)     solves  pid
-------------------------------------------------------------------
         1   6.500000e+00  1.100000e+01  6.212950e-03         6   1
         5   5.500000e+00  1.100000e+01  8.677006e-03        30   1
-------------------------------------------------------------------
status         : iteration_limit
total time (s) : 8.677006e-03
total solves   : 30
best bound     :  1.100000e+01
simulation ci  :  5.700000e+00 ± 3.920000e-01
numeric issues : 0
-------------------------------------------------------------------

