-------------------------------------------------------------------
         SDDP.jl (c) Oscar Dowson and contributors, 2017-25
-------------------------------------------------------------------
problem
  nodes           : 2
  state variables : 1
  scenarios       : 2.00000e+00
  existing cuts   : false
options
  solver          : serial mode
  risk measure    : SDDP.Expectation()
  sampling scheme : SDDP.InSampleMonteCarlo
subproblem structure
  VariableRef                             : [6, 6]
  AffExpr in MOI.GreaterThan{Float64}     : [1, 1]
  AffExpr in MOI.LessThan{Float64}        : [1, 1]
  VariableRef in MOI.EqualTo{Float64}     : [1, 1]
  VariableRef in MOI.GreaterThan{Float64} : [3, 4]
  VariableRef in MOI.LessThan{Float64}    : [2, 2]
numerical stability report
  matrix range     [1e+00, 1e+00]
  objective range  [1e+00, 5e+00]
  bounds range     [8e+00, 8e+00]
  rhs range        [6e+00, 6e+00]
-------------------------------------------------------------------
 iteration    simulation      bound        time (s)     solves  pid
-------------------------------------------------------------------
         1  -2.000000e+01 -1.000000e+01  3.364801e-03         5   1
        20   0.000000e+00 -1.000000e+01  1.435399e-02       104   1
-------------------------------------------------------------------
status         : simulation_stopping
total time (s) : 1.435399e-02
total solves   : 104
best bound     : -1.000000e+01
simulation ci  : -1.200000e+01 ± 4.405700e+00
numeric issues : 0
-------------------------------------------------------------------

-------------------------------------------------------------------
         SDDP.jl (c) Oscar Dowson and contributors, 2017-25
-------------------------------------------------------------------
problem
  nodes           : 3
  state variables : 2
  scenarios       : 4.00000e+00
  existing cuts   : false
options
  solver          : serial mode
  risk measure    : SDDP.Expectation()
  sampling scheme : SDDP.InSampleMonteCarlo
subproblem structure
  VariableRef                             : [8, 8]
  AffExpr in MOI.LessThan{Float64}        : [3, 3]
  VariableRef in MOI.EqualTo{Float64}     : [1, 1]
  VariableRef in MOI.GreaterThan{Float64} : [5, 5]
  VariableRef in MOI.LessThan{Float64}    : [1, 1]
numerical stability report
  matrix range     [1e+00, 1e+00]
  objective range  [2e-01, 3e+00]
  bounds range     [5e+01, 5e+01]
  rhs range        [0e+00, 0e+00]
-------------------------------------------------------------------
 iteration    simulation      bound        time (s)     solves  pid
-------------------------------------------------------------------
         5  -2.396000e+01 -2.396000e+01  8.340836e-03        52   1
        10  -4.260000e+01 -2.396000e+01  1.183701e-02        92   1
        15  -5.320000e+00 -2.396000e+01  1.547194e-02       132   1
        20  -2.396000e+01 -2.396000e+01  1.939082e-02       172   1
        25  -2.396000e+01 -2.396000e+01  2.446795e-02       224   1
        30  -2.396000e+01 -2.396000e+01  2.921200e-02       264   1
        35  -4.260000e+01 -2.396000e+01  3.401089e-02       304   1
        40  -2.396000e+01 -2.396000e+01  3.910279e-02       344   1
-------------------------------------------------------------------
status         : simulation_stopping
total time (s) : 3.910279e-02
total solves   : 344
best bound     : -2.396000e+01
simulation ci  : -2.612314e+01 ± 4.105831e+00
numeric issues : 0
-------------------------------------------------------------------

────────────────────────────────────────────────────────────────────────────────────
                                           Time                    Allocations      
                                  ───────────────────────   ────────────────────────
        Tot / % measured:             75.8ms /  44.2%           33.3MiB /  20.1%    

Section                   ncalls     time    %tot     avg     alloc    %tot      avg
────────────────────────────────────────────────────────────────────────────────────
backward_pass                 40   20.7ms   61.9%   518μs   5.76MiB   85.9%   148KiB
  solve_subproblem           160   11.7ms   34.9%  73.2μs    841KiB   12.2%  5.25KiB
    get_dual_solution        160    613μs    1.8%  3.83μs    190KiB    2.8%  1.19KiB
  prepare_backward_pass      160   26.6μs    0.1%   166ns     0.00B    0.0%    0.00B
forward_pass                  40   7.71ms   23.0%   193μs    746KiB   10.9%  18.6KiB
  solve_subproblem           120   6.85ms   20.5%  57.1μs    565KiB    8.2%  4.71KiB
    get_dual_solution        120   69.3μs    0.2%   577ns   16.9KiB    0.2%     144B
  sample_scenario             40    116μs    0.3%  2.89μs   24.5KiB    0.4%     627B
calculate_bound               40   5.04ms   15.1%   126μs    217KiB    3.2%  5.42KiB
  get_dual_solution           40   34.1μs    0.1%   853ns   5.62KiB    0.1%     144B
get_dual_solution             36   23.2μs    0.1%   645ns   5.06KiB    0.1%     144B
────────────────────────────────────────────────────────────────────────────────────

-------------------------------------------------------------------
         SDDP.jl (c) Oscar Dowson and contributors, 2017-25
-------------------------------------------------------------------
problem
  nodes           : 3
  state variables : 2
  scenarios       : 4.00000e+00
  existing cuts   : false
options
  solver          : serial mode
  risk measure    : SDDP.Expectation()
  sampling scheme : SDDP.InSampleMonteCarlo
subproblem structure
  VariableRef                             : [8, 8]
  AffExpr in MOI.LessThan{Float64}        : [3, 3]
  VariableRef in MOI.EqualTo{Float64}     : [1, 1]
  VariableRef in MOI.GreaterThan{Float64} : [5, 5]
  VariableRef in MOI.LessThan{Float64}    : [1, 1]
numerical stability report
  matrix range     [1e+00, 1e+00]
  objective range  [2e-01, 3e+00]
  bounds range     [5e+01, 5e+01]
  rhs range        [0e+00, 0e+00]
-------------------------------------------------------------------
 iteration    simulation      bound        time (s)     solves  pid
-------------------------------------------------------------------
         5  -4.260000e+01 -2.396000e+01  8.129120e-03        52   1
        10  -5.320000e+00 -2.396000e+01  1.309299e-02        92   1
        15  -2.396000e+01 -2.396000e+01  1.904106e-02       132   1
        20  -4.260000e+01 -2.396000e+01  2.571702e-02       172   1
        25  -2.396000e+01 -2.396000e+01  3.366113e-02       224   1
        30  -2.396000e+01 -2.396000e+01  3.970408e-02       264   1
        35  -2.396000e+01 -2.396000e+01  4.628491e-02       304   1
        40  -2.396000e+01 -2.396000e+01  5.368304e-02       344   1
-------------------------------------------------------------------
status         : simulation_stopping
total time (s) : 5.368304e-02
total solves   : 344
best bound     : -2.396000e+01
simulation ci  : -1.910970e+01 ± 3.945892e+00
numeric issues : 0
-------------------------------------------------------------------

────────────────────────────────────────────────────────────────────────────────────
                                           Time                    Allocations      
                                  ───────────────────────   ────────────────────────
        Tot / % measured:             57.9ms /  82.8%           39.3MiB /  32.1%    

Section                   ncalls     time    %tot     avg     alloc    %tot      avg
────────────────────────────────────────────────────────────────────────────────────
backward_pass                 40   32.8ms   68.5%   821μs   11.7MiB   92.5%   299KiB
  solve_subproblem           160   13.7ms   28.6%  85.7μs    842KiB    6.5%  5.27KiB
    get_dual_solution        160    653μs    1.4%  4.08μs    190KiB    1.5%  1.19KiB
  prepare_backward_pass      160   30.3μs    0.1%   189ns     0.00B    0.0%    0.00B
forward_pass                  40   8.53ms   17.8%   213μs    745KiB    5.8%  18.6KiB
  solve_subproblem           120   7.56ms   15.8%  63.0μs    565KiB    4.4%  4.71KiB
    get_dual_solution        120   77.5μs    0.2%   646ns   16.9KiB    0.1%     144B
  sample_scenario             40    136μs    0.3%  3.39μs   24.2KiB    0.2%     620B
calculate_bound               40   6.55ms   13.7%   164μs    219KiB    1.7%  5.47KiB
  get_dual_solution           40   35.5μs    0.1%   887ns   5.62KiB    0.0%     144B
get_dual_solution             36   40.3μs    0.1%  1.12μs   5.06KiB    0.0%     144B
────────────────────────────────────────────────────────────────────────────────────

-------------------------------------------------------------------
         SDDP.jl (c) Oscar Dowson and contributors, 2017-25
-------------------------------------------------------------------
problem
  nodes           : 2
  state variables : 1
  scenarios       : 2.00000e+00
  existing cuts   : false
options
  solver          : serial mode
  risk measure    : SDDP.Expectation()
  sampling scheme : SDDP.InSampleMonteCarlo
subproblem structure
  VariableRef                             : [3, 4]
  AffExpr in MOI.LessThan{Float64}        : [1, 1]
  VariableRef in MOI.GreaterThan{Float64} : [2, 3]
  VariableRef in MOI.LessThan{Float64}    : [2, 2]
numerical stability report
  matrix range     [1e+00, 1e+00]
  objective range  [1e+00, 2e+00]
  bounds range     [2e+00, 5e+00]
  rhs range        [0e+00, 0e+00]
-------------------------------------------------------------------
 iteration    simulation      bound        time (s)     solves  pid
-------------------------------------------------------------------
         1   0.000000e+00 -2.500000e+00  3.246069e-03         5   1
         2  -1.500000e+00 -2.000000e+00  4.184961e-03        14   1
         3  -1.000000e+00 -2.000000e+00  4.627943e-03        19   1
         4  -3.000000e+00 -2.000000e+00  5.177975e-03        24   1
         5  -2.000000e+00 -2.000000e+00  5.776882e-03        29   1
         6  -2.000000e+00 -2.000000e+00  6.350040e-03        34   1
         7  -2.000000e+00 -2.000000e+00  6.890059e-03        39   1
         8  -2.000000e+00 -2.000000e+00  7.453918e-03        44   1
         9  -2.000000e+00 -2.000000e+00  8.009911e-03        49   1
        10  -2.000000e+00 -2.000000e+00  8.553982e-03        54   1
        11  -2.000000e+00 -2.000000e+00  9.110928e-03        59   1
        12  -2.000000e+00 -2.000000e+00  9.664059e-03        64   1
        13  -2.000000e+00 -2.000000e+00  1.025105e-02        69   1
        14  -2.000000e+00 -2.000000e+00  1.079988e-02        74   1
        15  -2.000000e+00 -2.000000e+00  1.137996e-02        79   1
        16  -2.000000e+00 -2.000000e+00  1.195788e-02        84   1
        17  -2.000000e+00 -2.000000e+00  1.254392e-02        89   1
        18  -2.000000e+00 -2.000000e+00  1.312399e-02        94   1
        19  -2.000000e+00 -2.000000e+00  1.369691e-02        99   1
        20  -2.000000e+00 -2.000000e+00  1.428986e-02       104   1
        21  -2.000000e+00 -2.000000e+00  1.517701e-02       113   1
        22  -2.000000e+00 -2.000000e+00  1.576304e-02       118   1
        23  -2.000000e+00 -2.000000e+00  1.636791e-02       123   1
        24  -2.000000e+00 -2.000000e+00  1.698804e-02       128   1
        25  -2.000000e+00 -2.000000e+00  1.758504e-02       133   1
        26  -2.000000e+00 -2.000000e+00  1.820397e-02       138   1
        27  -2.000000e+00 -2.000000e+00  1.882100e-02       143   1
        28  -2.000000e+00 -2.000000e+00  1.946092e-02       148   1
        29  -2.000000e+00 -2.000000e+00  2.011299e-02       153   1
        30  -2.000000e+00 -2.000000e+00  2.075005e-02       158   1
        31  -2.000000e+00 -2.000000e+00  2.141404e-02       163   1
        32  -2.000000e+00 -2.000000e+00  2.209091e-02       168   1
        33  -2.000000e+00 -2.000000e+00  2.275085e-02       173   1
        34  -2.000000e+00 -2.000000e+00  2.342200e-02       178   1
        35  -2.000000e+00 -2.000000e+00  2.409506e-02       183   1
        36  -2.000000e+00 -2.000000e+00  2.475500e-02       188   1
        37  -2.000000e+00 -2.000000e+00  2.544689e-02       193   1
        38  -2.000000e+00 -2.000000e+00  2.614093e-02       198   1
        39  -2.000000e+00 -2.000000e+00  2.682090e-02       203   1
        40  -2.000000e+00 -2.000000e+00  2.753186e-02       208   1
-------------------------------------------------------------------
status         : simulation_stopping
total time (s) : 2.753186e-02
total solves   : 208
best bound     : -2.000000e+00
simulation ci  : -1.937500e+00 ± 1.225000e-01
numeric issues : 0
-------------------------------------------------------------------

-------------------------------------------------------------------
         SDDP.jl (c) Oscar Dowson and contributors, 2017-25
-------------------------------------------------------------------
problem
  nodes           : 3
  state variables : 1
  scenarios       : Inf
  existing cuts   : false
options
  solver          : serial mode
  risk measure    : SDDP.Expectation()
  sampling scheme : SDDP.InSampleMonteCarlo
subproblem structure
  VariableRef                             : [6, 6]
  AffExpr in MOI.EqualTo{Float64}         : [2, 2]
  VariableRef in MOI.GreaterThan{Float64} : [5, 5]
  VariableRef in MOI.LessThan{Float64}    : [1, 1]
numerical stability report
  matrix range     [1e+00, 1e+00]
  objective range  [1e+00, 3e+00]
  bounds range     [5e+00, 2e+01]
  rhs range        [2e+00, 1e+01]
-------------------------------------------------------------------
 iteration    simulation      bound        time (s)     solves  pid
-------------------------------------------------------------------
         1   1.500000e+01  1.050370e+01  9.592295e-02        15   1
        23   7.272569e+02  2.340718e+02  1.135779e+00      7953   1
        51   1.851066e+02  2.361822e+02  2.183479e+00     14205   1
        79   4.314823e+02  2.363614e+02  3.232179e+00     18573   1
       100   2.664982e+02  2.364051e+02  4.085717e+00     22104   1
-------------------------------------------------------------------
status         : iteration_limit
total time (s) : 4.085717e+00
total solves   : 22104
best bound     :  2.364051e+02
simulation ci  :  2.144053e+02 ± 4.095724e+01
numeric issues : 0
-------------------------------------------------------------------

-------------------------------------------------------------------
         SDDP.jl (c) Oscar Dowson and contributors, 2017-25
-------------------------------------------------------------------
problem
  nodes           : 5
  state variables : 3
  scenarios       : 1.43489e+07
  existing cuts   : false
options
  solver          : serial mode
  risk measure    : SDDP.Expectation()
  sampling scheme : SDDP.InSampleMonteCarlo
subproblem structure
  VariableRef                             : [13, 13]
  AffExpr in MOI.EqualTo{Float64}         : [3, 3]
  AffExpr in MOI.LessThan{Float64}        : [1, 1]
  VariableRef in MOI.EqualTo{Float64}     : [3, 3]
  VariableRef in MOI.GreaterThan{Float64} : [7, 7]
  VariableRef in MOI.LessThan{Float64}    : [6, 7]
numerical stability report
  matrix range     [1e+00, 1e+00]
  objective range  [3e-01, 2e+00]
  bounds range     [5e-01, 5e+00]
  rhs range        [2e+00, 2e+00]
-------------------------------------------------------------------
 iteration    simulation      bound        time (s)     solves  pid
-------------------------------------------------------------------
        10  -4.385228e+00 -4.442269e+00  2.009671e-01      1400   1
        20  -3.881547e+00 -4.392566e+00  3.163080e-01      2800   1
        30  -3.671354e+00 -4.376606e+00  4.418259e-01      4200   1
        40  -4.312032e+00 -4.370551e+00  5.769310e-01      5600   1
        50  -4.077684e+00 -4.362538e+00  7.153239e-01      7000   1
        60  -3.609363e+00 -4.357411e+00  8.612759e-01      8400   1
        70  -4.997551e+00 -4.355252e+00  1.008679e+00      9800   1
        80  -4.608038e+00 -4.352744e+00  1.156626e+00     11200   1
        90  -4.949477e+00 -4.350750e+00  1.304032e+00     12600   1
       100  -4.165260e+00 -4.349697e+00  1.505522e+00     14000   1
-------------------------------------------------------------------
status         : iteration_limit
total time (s) : 1.505522e+00
total solves   : 14000
best bound     : -4.349697e+00
simulation ci  : -4.310541e+00 ± 9.196174e-02
numeric issues : 0
-------------------------------------------------------------------

-------------------------------------------------------------------
         SDDP.jl (c) Oscar Dowson and contributors, 2017-25
-------------------------------------------------------------------
problem
  nodes           : 5
  state variables : 1
  scenarios       : 1.00000e+05
  existing cuts   : false
options
  solver          : serial mode
  risk measure    : SDDP.Expectation()
  sampling scheme : SDDP.InSampleMonteCarlo
subproblem structure
  VariableRef                             : [5, 5]
  AffExpr in MOI.EqualTo{Float64}         : [1, 1]
  VariableRef in MOI.EqualTo{Float64}     : [1, 1]
  VariableRef in MOI.GreaterThan{Float64} : [3, 3]
  VariableRef in MOI.LessThan{Float64}    : [2, 3]
numerical stability report
  matrix range     [1e+00, 1e+00]
  objective range  [3e-01, 2e+00]
  bounds range     [5e-01, 2e+00]
  rhs range        [0e+00, 0e+00]
-------------------------------------------------------------------
 iteration    simulation      bound        time (s)     solves  pid
-------------------------------------------------------------------
        10  -1.442965e+00 -1.475770e+00  6.710505e-02      1050   1
        20  -1.559536e+00 -1.471842e+00  1.026249e-01      1600   1
        30  -1.633260e+00 -1.471526e+00  1.796679e-01      2650   1
        40  -1.512908e+00 -1.471277e+00  2.195389e-01      3200   1
        50  -1.504160e+00 -1.471172e+00  3.019650e-01      4250   1
        60  -1.352909e+00 -1.471159e+00  3.440199e-01      4800   1
        70  -1.520847e+00 -1.471079e+00  4.277999e-01      5850   1
        80  -1.340949e+00 -1.471075e+00  4.718740e-01      6400   1
        90  -1.260376e+00 -1.471075e+00  5.564089e-01      7450   1
       100  -1.573293e+00 -1.471075e+00  6.038320e-01      8000   1
       110  -1.364263e+00 -1.471075e+00  6.523120e-01      8550   1
       120  -1.572199e+00 -1.471075e+00  7.021499e-01      9100   1
       130  -1.548012e+00 -1.471075e+00  7.530890e-01      9650   1
       140  -1.462561e+00 -1.471075e+00  8.104820e-01     10200   1
       150  -1.154072e+00 -1.471075e+00  8.729029e-01     10750   1
       160  -1.512908e+00 -1.471075e+00  9.313090e-01     11300   1
       170  -1.486600e+00 -1.471075e+00  9.883780e-01     11850   1
       180  -1.405274e+00 -1.471075e+00  1.042709e+00     12400   1
       187  -1.281632e+00 -1.471075e+00  1.081033e+00     12785   1
-------------------------------------------------------------------
status         : simulation_stopping
total time (s) : 1.081033e+00
total solves   : 12785
best bound     : -1.471075e+00
simulation ci  : -1.474018e+00 ± 2.599111e-02
numeric issues : 0
-------------------------------------------------------------------

-------------------------------------------------------------------
         SDDP.jl (c) Oscar Dowson and contributors, 2017-25
-------------------------------------------------------------------
problem
  nodes           : 2
  state variables : 4
  scenarios       : 2.00000e+00
  existing cuts   : false
options
  solver          : serial mode
  risk measure    : SDDP.Expectation()
  sampling scheme : SDDP.InSampleMonteCarlo
subproblem structure
  VariableRef                             : [29, 29]
  AffExpr in MOI.EqualTo{Float64}         : [4, 5]
  AffExpr in MOI.GreaterThan{Float64}     : [3, 3]
  AffExpr in MOI.LessThan{Float64}        : [4, 4]
  VariableRef in MOI.EqualTo{Float64}     : [3, 3]
  VariableRef in MOI.GreaterThan{Float64} : [22, 22]
  VariableRef in MOI.LessThan{Float64}    : [1, 1]
numerical stability report
  matrix range     [1e+00, 1e+00]
  objective range  [1e+00, 1e+06]
  bounds range     [0e+00, 0e+00]
  rhs range        [0e+00, 0e+00]
-------------------------------------------------------------------
 iteration    simulation      bound        time (s)     solves  pid
-------------------------------------------------------------------
        10   3.455904e+05  3.147347e+05  9.433985e-03        54   1
        20   3.336455e+05  3.402383e+05  1.545906e-02       104   1
        30   3.993519e+05  3.403155e+05  2.266598e-02       158   1
        40   3.337559e+05  3.403155e+05  2.957797e-02       208   1
        48   3.337559e+05  3.403155e+05  3.558397e-02       248   1
-------------------------------------------------------------------
status         : simulation_stopping
total time (s) : 3.558397e-02
total solves   : 248
best bound     :  3.403155e+05
simulation ci  :  1.298433e+08 ± 1.785865e+08
numeric issues : 0
-------------------------------------------------------------------

-------------------------------------------------------------------
         SDDP.jl (c) Oscar Dowson and contributors, 2017-25
-------------------------------------------------------------------
problem
  nodes           : 3
  state variables : 4
  scenarios       : 4.00000e+00
  existing cuts   : false
options
  solver          : serial mode
  risk measure    : SDDP.Expectation()
  sampling scheme : SDDP.InSampleMonteCarlo
subproblem structure
  VariableRef                             : [29, 29]
  AffExpr in MOI.EqualTo{Float64}         : [4, 5]
  AffExpr in MOI.GreaterThan{Float64}     : [3, 3]
  AffExpr in MOI.LessThan{Float64}        : [4, 4]
  VariableRef in MOI.EqualTo{Float64}     : [3, 3]
  VariableRef in MOI.GreaterThan{Float64} : [22, 22]
  VariableRef in MOI.LessThan{Float64}    : [1, 1]
numerical stability report
  matrix range     [1e+00, 1e+00]
  objective range  [1e+00, 1e+05]
  bounds range     [0e+00, 0e+00]
  rhs range        [0e+00, 0e+00]
-------------------------------------------------------------------
 iteration    simulation      bound        time (s)     solves  pid
-------------------------------------------------------------------
        10   4.403329e+05  3.509666e+05  1.560783e-02        92   1
        20   4.055335e+05  4.054833e+05  2.611399e-02       172   1
        30   4.497721e+05  4.067125e+05  3.912187e-02       264   1
        40   3.959476e+05  4.067125e+05  5.255198e-02       344   1
        47   3.959476e+05  4.067125e+05  6.264091e-02       400   1
-------------------------------------------------------------------
status         : simulation_stopping
total time (s) : 6.264091e-02
total solves   : 400
best bound     :  4.067125e+05
simulation ci  :  2.695840e+07 ± 3.645323e+07
numeric issues : 0
-------------------------------------------------------------------

-------------------------------------------------------------------
         SDDP.jl (c) Oscar Dowson and contributors, 2017-25
-------------------------------------------------------------------
problem
  nodes           : 10
  state variables : 4
  scenarios       : 2.70000e+01
  existing cuts   : false
options
  solver          : serial mode
  risk measure    : SDDP.Expectation()
  sampling scheme : SDDP.InSampleMonteCarlo
subproblem structure
  VariableRef                             : [24, 24]
  AffExpr in MOI.EqualTo{Float64}         : [3, 3]
  AffExpr in MOI.GreaterThan{Float64}     : [1, 1]
  AffExpr in MOI.LessThan{Float64}        : [1, 6]
  VariableRef in MOI.GreaterThan{Float64} : [20, 20]
  VariableRef in MOI.LessThan{Float64}    : [1, 2]
numerical stability report
  matrix range     [1e+00, 8e+01]
  objective range  [1e+00, 1e+03]
  bounds range     [6e+01, 6e+01]
  rhs range        [2e+02, 3e+03]
-------------------------------------------------------------------
 iteration    simulation      bound        time (s)     solves  pid
-------------------------------------------------------------------
         1   8.316000e+03  0.000000e+00  1.053181e-01        14   1
        40   7.539730e+03  4.074139e+03  2.359841e-01       776   1
-------------------------------------------------------------------
status         : simulation_stopping
total time (s) : 2.359841e-01
total solves   : 776
best bound     :  4.074139e+03
simulation ci  :  4.487432e+03 ± 7.254646e+02
numeric issues : 0
-------------------------------------------------------------------

-------------------------------------------------------------------
         SDDP.jl (c) Oscar Dowson and contributors, 2017-25
-------------------------------------------------------------------
problem
  nodes           : 3
  state variables : 1
  scenarios       : 4.00000e+00
  existing cuts   : false
options
  solver          : serial mode
  risk measure    : SDDP.Expectation()
  sampling scheme : SDDP.InSampleMonteCarlo
subproblem structure
  VariableRef                             : [6, 6]
  AffExpr in MOI.EqualTo{Float64}         : [1, 1]
  VariableRef in MOI.EqualTo{Float64}     : [1, 1]
  VariableRef in MOI.GreaterThan{Float64} : [4, 4]
  VariableRef in MOI.Integer              : [3, 3]
  VariableRef in MOI.LessThan{Float64}    : [2, 3]
numerical stability report
  matrix range     [1e+00, 1e+00]
  objective range  [1e+00, 3e+02]
  bounds range     [1e+02, 2e+02]
  rhs range        [0e+00, 0e+00]
-------------------------------------------------------------------
 iteration    simulation      bound        time (s)     solves  pid
-------------------------------------------------------------------
         1L  7.000000e+04  6.250000e+04  5.950511e-01         8   1
        20L  6.000000e+04  6.250000e+04  6.881840e-01       172   1
-------------------------------------------------------------------
status         : simulation_stopping
total time (s) : 6.881840e-01
total solves   : 172
best bound     :  6.250000e+04
simulation ci  :  6.550000e+04 ± 8.348941e+03
numeric issues : 0
-------------------------------------------------------------------

-------------------------------------------------------------------
         SDDP.jl (c) Oscar Dowson and contributors, 2017-25
-------------------------------------------------------------------
problem
  nodes           : 3
  state variables : 1
  scenarios       : 4.00000e+00
  existing cuts   : false
options
  solver          : serial mode
  risk measure    : SDDP.Expectation()
  sampling scheme : SDDP.InSampleMonteCarlo
subproblem structure
  VariableRef                             : [6, 6]
  AffExpr in MOI.EqualTo{Float64}         : [1, 1]
  VariableRef in MOI.EqualTo{Float64}     : [1, 1]
  VariableRef in MOI.GreaterThan{Float64} : [4, 4]
  VariableRef in MOI.Integer              : [3, 3]
  VariableRef in MOI.LessThan{Float64}    : [2, 3]
numerical stability report
  matrix range     [1e+00, 1e+00]
  objective range  [1e+00, 3e+02]
  bounds range     [1e+02, 2e+02]
  rhs range        [0e+00, 0e+00]
-------------------------------------------------------------------
 iteration    simulation      bound        time (s)     solves  pid
-------------------------------------------------------------------
         1   7.000000e+04  6.250000e+04  5.680084e-03         8   1
        20   5.500000e+04  6.250000e+04  4.553318e-02       172   1
-------------------------------------------------------------------
status         : simulation_stopping
total time (s) : 4.553318e-02
total solves   : 172
best bound     :  6.250000e+04
simulation ci  :  6.475000e+04 ± 9.603974e+03
numeric issues : 0
-------------------------------------------------------------------

-------------------------------------------------------------------
         SDDP.jl (c) Oscar Dowson and contributors, 2017-25
-------------------------------------------------------------------
problem
  nodes           : 3
  state variables : 1
  scenarios       : 4.00000e+00
  existing cuts   : false
options
  solver          : serial mode
  risk measure    : SDDP.Expectation()
  sampling scheme : SDDP.InSampleMonteCarlo
subproblem structure
  VariableRef                             : [5, 5]
  AffExpr in MOI.EqualTo{Float64}         : [1, 1]
  VariableRef in MOI.GreaterThan{Float64} : [4, 4]
  VariableRef in MOI.LessThan{Float64}    : [2, 3]
numerical stability report
  matrix range     [1e+00, 1e+00]
  objective range  [1e+00, 3e+02]
  bounds range     [1e+02, 2e+02]
  rhs range        [1e+02, 3e+02]
-------------------------------------------------------------------
 iteration    simulation      bound        time (s)     solves  pid
-------------------------------------------------------------------
         1   3.000000e+04  6.250000e+04  7.433891e-03         5   1
        10   5.500000e+04  6.250000e+04  2.122188e-02        50   1
-------------------------------------------------------------------
status         : iteration_limit
total time (s) : 2.122188e-02
total solves   : 50
best bound     :  6.250000e+04
simulation ci  :  6.100000e+04 ± 1.271904e+04
numeric issues : 0
-------------------------------------------------------------------

-------------------------------------------------------------------
         SDDP.jl (c) Oscar Dowson and contributors, 2017-25
-------------------------------------------------------------------
problem
  nodes           : 3
  state variables : 2
  scenarios       : 1.00000e+00
  existing cuts   : false
options
  solver          : serial mode
  risk measure    : SDDP.Expectation()
  sampling scheme : SDDP.InSampleMonteCarlo
subproblem structure
  VariableRef                             : [6, 6]
  AffExpr in MOI.EqualTo{Float64}         : [2, 2]
  VariableRef in MOI.GreaterThan{Float64} : [2, 3]
  VariableRef in MOI.LessThan{Float64}    : [3, 3]
  VariableRef in MOI.ZeroOne              : [3, 3]
numerical stability report
  matrix range     [1e+00, 1e+00]
  objective range  [1e+00, 6e+00]
  bounds range     [1e+00, 1e+02]
  rhs range        [0e+00, 0e+00]
-------------------------------------------------------------------
 iteration    simulation      bound        time (s)     solves  pid
-------------------------------------------------------------------
         1L  6.000000e+00  9.000000e+00  4.162908e-02         6   1
        20L  9.000000e+00  9.000000e+00  8.354115e-02       123   1
-------------------------------------------------------------------
status         : simulation_stopping
total time (s) : 8.354115e-02
total solves   : 123
best bound     :  9.000000e+00
simulation ci  :  8.850000e+00 ± 2.940000e-01
numeric issues : 0
-------------------------------------------------------------------

-------------------------------------------------------------------
         SDDP.jl (c) Oscar Dowson and contributors, 2017-25
-------------------------------------------------------------------
problem
  nodes           : 7
  state variables : 2
  scenarios       : 8.00000e+00
  existing cuts   : false
options
  solver          : serial mode
  risk measure    : SDDP.Expectation()
  sampling scheme : SDDP.InSampleMonteCarlo
subproblem structure
  VariableRef                             : [5, 7]
  AffExpr in MOI.EqualTo{Float64}         : [1, 1]
  VariableRef in MOI.GreaterThan{Float64} : [3, 5]
  VariableRef in MOI.LessThan{Float64}    : [1, 1]
numerical stability report
  matrix range     [1e+00, 1e+00]
  objective range  [1e+00, 4e+00]
  bounds range     [1e+03, 1e+03]
  rhs range        [6e+01, 8e+01]
-------------------------------------------------------------------
 iteration    simulation      bound        time (s)     solves  pid
-------------------------------------------------------------------
         5  -1.136868e-13  4.739851e-01  1.486993e-02        87   1
        10   0.000000e+00  1.484161e+00  2.149796e-02       142   1
        15  -8.870299e+00  1.514085e+00  2.809787e-02       197   1
        20  -1.428571e+00  1.514085e+00  3.568101e-02       252   1
        25  -2.479988e+01  1.514085e+00  9.111190e-02       339   1
        30  -1.428571e+00  1.514085e+00  9.909701e-02       394   1
        35   1.421085e-14  1.514085e+00  1.075311e-01       449   1
        40  -1.428571e+00  1.514085e+00  1.165869e-01       504   1
-------------------------------------------------------------------
status         : simulation_stopping
total time (s) : 1.165869e-01
total solves   : 504
best bound     :  1.514085e+00
simulation ci  :  1.858631e+00 ± 6.043640e+00
numeric issues : 0
-------------------------------------------------------------------

-------------------------------------------------------------------
         SDDP.jl (c) Oscar Dowson and contributors, 2017-25
-------------------------------------------------------------------
problem
  nodes           : 7
  state variables : 2
  scenarios       : 3.20000e+01
  existing cuts   : false
options
  solver          : serial mode
  risk measure    : #4
  sampling scheme : SDDP.InSampleMonteCarlo
subproblem structure
  VariableRef                             : [5, 7]
  AffExpr in MOI.EqualTo{Float64}         : [1, 1]
  VariableRef in MOI.EqualTo{Float64}     : [1, 1]
  VariableRef in MOI.GreaterThan{Float64} : [2, 5]
  VariableRef in MOI.LessThan{Float64}    : [1, 1]
numerical stability report
  matrix range     [1e+00, 1e+00]
  objective range  [2e-02, 4e+00]
  bounds range     [1e+03, 1e+03]
  rhs range        [6e+01, 8e+01]
-------------------------------------------------------------------
 iteration    simulation      bound        time (s)     solves  pid
-------------------------------------------------------------------
        10   2.284531e+01  1.288927e+00  1.592579e-01       278   1
        20   2.825352e+00  1.278410e+00  1.796038e-01       428   1
        30  -3.575118e+00  1.278410e+00  2.130709e-01       706   1
        40   3.508198e+01  1.278410e+00  2.357209e-01       856   1
-------------------------------------------------------------------
status         : simulation_stopping
total time (s) : 2.357209e-01
total solves   : 856
best bound     :  1.278410e+00
simulation ci  :  3.347300e+00 ± 5.636199e+00
numeric issues : 0
-------------------------------------------------------------------

-------------------------------------------------------------------
         SDDP.jl (c) Oscar Dowson and contributors, 2017-25
-------------------------------------------------------------------
problem
  nodes           : 7
  state variables : 2
  scenarios       : 3.20000e+01
  existing cuts   : false
options
  solver          : serial mode
  risk measure    : #4
  sampling scheme : SDDP.InSampleMonteCarlo
subproblem structure
  VariableRef                             : [5, 7]
  AffExpr in MOI.EqualTo{Float64}         : [1, 1]
  VariableRef in MOI.EqualTo{Float64}     : [1, 1]
  VariableRef in MOI.GreaterThan{Float64} : [2, 5]
  VariableRef in MOI.LessThan{Float64}    : [1, 1]
numerical stability report
  matrix range     [1e+00, 1e+00]
  objective range  [2e-02, 4e+00]
  bounds range     [1e+03, 1e+03]
  rhs range        [6e+01, 8e+01]
-------------------------------------------------------------------
 iteration    simulation      bound        time (s)     solves  pid
-------------------------------------------------------------------
        10   1.886566e+01  1.333680e+00  3.702497e-02       278   1
        20   2.820962e+01  1.278410e+00  6.486988e-02       428   1
        30   3.508198e+01  1.278410e+00  1.094139e-01       706   1
        40   7.320288e+00  1.278410e+00  1.490390e-01       856   1
-------------------------------------------------------------------
status         : simulation_stopping
total time (s) : 1.490390e-01
total solves   : 856
best bound     :  1.278410e+00
simulation ci  :  4.559468e+00 ± 6.581091e+00
numeric issues : 0
-------------------------------------------------------------------

-------------------------------------------------------------------
         SDDP.jl (c) Oscar Dowson and contributors, 2017-25
-------------------------------------------------------------------
problem
  nodes           : 4
  state variables : 1
  scenarios       : Inf
  existing cuts   : false
options
  solver          : serial mode
  risk measure    : SDDP.Expectation()
  sampling scheme : SDDP.InSampleMonteCarlo
subproblem structure
  VariableRef                             : [7, 7]
  AffExpr in MOI.EqualTo{Float64}         : [1, 1]
  AffExpr in MOI.GreaterThan{Float64}     : [2, 2]
  VariableRef in MOI.EqualTo{Float64}     : [1, 1]
  VariableRef in MOI.GreaterThan{Float64} : [5, 5]
  VariableRef in MOI.LessThan{Float64}    : [3, 3]
numerical stability report
  matrix range     [1e+00, 1e+00]
  objective range  [1e+00, 2e+00]
  bounds range     [2e+00, 1e+02]
  rhs range        [0e+00, 0e+00]
-------------------------------------------------------------------
 iteration    simulation      bound        time (s)     solves  pid
-------------------------------------------------------------------
        10   4.787277e+00  9.346930e+00  1.607237e+00       900   1
        20   6.374753e+00  1.361934e+01  1.773944e+00      1720   1
        30   2.813321e+01  1.651297e+01  2.122083e+00      3036   1
        40   1.654759e+01  1.632970e+01  2.473449e+00      4192   1
        50   3.570941e+00  1.846889e+01  2.737820e+00      5020   1
        60   1.087425e+01  1.890254e+01  3.032962e+00      5808   1
        70   9.381610e+00  1.940320e+01  3.327322e+00      6540   1
        80   5.648731e+01  1.962435e+01  3.544589e+00      7088   1
        90   3.879273e+01  1.981008e+01  4.044112e+00      8180   1
       100   7.870187e+00  1.997117e+01  4.283296e+00      8664   1
-------------------------------------------------------------------
status         : iteration_limit
total time (s) : 4.283296e+00
total solves   : 8664
best bound     :  1.997117e+01
simulation ci  :  2.275399e+01 ± 4.541987e+00
numeric issues : 0
-------------------------------------------------------------------

-------------------------------------------------------------------
         SDDP.jl (c) Oscar Dowson and contributors, 2017-25
-------------------------------------------------------------------
problem
  nodes           : 5
  state variables : 2
  scenarios       : 3.20000e+01
  existing cuts   : false
options
  solver          : serial mode
  risk measure    : SDDP.Expectation()
  sampling scheme : SDDP.InSampleMonteCarlo
subproblem structure
  VariableRef                             : [10, 10]
  AffExpr in MOI.EqualTo{Float64}         : [2, 2]
  AffExpr in MOI.GreaterThan{Float64}     : [2, 2]
  AffExpr in MOI.LessThan{Float64}        : [6, 6]
  VariableRef in MOI.EqualTo{Float64}     : [2, 2]
  VariableRef in MOI.GreaterThan{Float64} : [5, 6]
  VariableRef in MOI.LessThan{Float64}    : [6, 6]
  VariableRef in MOI.ZeroOne              : [5, 5]
numerical stability report
  matrix range     [1e+00, 1e+00]
  objective range  [1e+00, 6e+00]
  bounds range     [1e+00, 1e+01]
  rhs range        [1e+00, 1e+00]
-------------------------------------------------------------------
 iteration    simulation      bound        time (s)     solves  pid
-------------------------------------------------------------------
         5   9.000000e+00  9.002950e+00  1.430089e-01       235   1
        10   4.000000e+00  9.002950e+00  1.632831e-01       310   1
        15   4.000000e+00  9.002950e+00  1.842949e-01       385   1
        20   4.000000e+00  9.002950e+00  2.056170e-01       460   1
        25   1.000000e+01  9.002950e+00  2.781692e-01       695   1
        30   5.000000e+00  9.002950e+00  3.003941e-01       770   1
        35   1.000000e+01  9.002950e+00  3.237350e-01       845   1
        40   5.000000e+00  9.002950e+00  3.476059e-01       920   1
-------------------------------------------------------------------
status         : simulation_stopping
total time (s) : 3.476059e-01
total solves   : 920
best bound     :  9.002950e+00
simulation ci  :  6.375000e+00 ± 7.930178e-01
numeric issues : 0
-------------------------------------------------------------------

-------------------------------------------------------------------
         SDDP.jl (c) Oscar Dowson and contributors, 2017-25
-------------------------------------------------------------------
problem
  nodes           : 3
  state variables : 4
  scenarios       : 2.16000e+02
  existing cuts   : false
options
  solver          : serial mode
  risk measure    : SDDP.Expectation()
  sampling scheme : SDDP.InSampleMonteCarlo
subproblem structure
  VariableRef                             : [18, 18]
  AffExpr in MOI.EqualTo{Float64}         : [4, 4]
  AffExpr in MOI.GreaterThan{Float64}     : [4, 4]
  AffExpr in MOI.LessThan{Float64}        : [12, 12]
  VariableRef in MOI.EqualTo{Float64}     : [4, 4]
  VariableRef in MOI.GreaterThan{Float64} : [9, 10]
  VariableRef in MOI.LessThan{Float64}    : [10, 10]
  VariableRef in MOI.ZeroOne              : [9, 9]
numerical stability report
  matrix range     [1e+00, 1e+00]
  objective range  [1e+00, 4e+00]
  bounds range     [1e+00, 2e+01]
  rhs range        [1e+00, 1e+00]
-------------------------------------------------------------------
 iteration    simulation      bound        time (s)     solves  pid
-------------------------------------------------------------------
        10   1.000000e+01  6.868919e+00  1.043830e-01       510   1
        20   2.000000e+00  6.834387e+00  1.566269e-01       720   1
        30   1.200000e+01  6.834387e+00  3.053050e-01      1230   1
        40   7.000000e+00  6.823805e+00  3.587070e-01      1440   1
        50   7.000000e+00  6.823805e+00  5.053580e-01      1950   1
        60   5.000000e+00  6.823805e+00  5.600290e-01      2160   1
-------------------------------------------------------------------
status         : simulation_stopping
total time (s) : 5.600290e-01
total solves   : 2160
best bound     :  6.823805e+00
simulation ci  :  6.183333e+00 ± 6.258900e-01
numeric issues : 0
-------------------------------------------------------------------

-------------------------------------------------------------------
         SDDP.jl (c) Oscar Dowson and contributors, 2017-25
-------------------------------------------------------------------
problem
  nodes           : 5
  state variables : 5
  scenarios       : 3.27680e+04
  existing cuts   : false
options
  solver          : serial mode
  risk measure    : SDDP.Expectation()
  sampling scheme : SDDP.InSampleMonteCarlo
subproblem structure
  VariableRef                             : [14, 14]
  AffExpr in MOI.GreaterThan{Float64}     : [7, 7]
  AffExpr in MOI.LessThan{Float64}        : [4, 4]
  VariableRef in MOI.EqualTo{Float64}     : [1, 1]
  VariableRef in MOI.GreaterThan{Float64} : [8, 8]
  VariableRef in MOI.Integer              : [5, 5]
  VariableRef in MOI.LessThan{Float64}    : [5, 6]
numerical stability report
  matrix range     [1e+00, 1e+00]
  objective range  [1e+00, 5e+05]
  bounds range     [1e+00, 1e+00]
  rhs range        [0e+00, 0e+00]
-------------------------------------------------------------------
 iteration    simulation      bound        time (s)     solves  pid
-------------------------------------------------------------------
        10   2.549668e+06  2.078257e+06  5.246971e-01       920   1
        20   5.494568e+05  2.078257e+06  7.294140e-01      1340   1
        30   4.985879e+04  2.078257e+06  1.262916e+00      2260   1
        40   3.799447e+06  2.078257e+06  1.465583e+00      2680   1
        50   1.049867e+06  2.078257e+06  2.017922e+00      3600   1
        60   3.985191e+04  2.078257e+06  2.219312e+00      4020   1
-------------------------------------------------------------------
status         : simulation_stopping
total time (s) : 2.219312e+00
total solves   : 4020
best bound     :  2.078257e+06
simulation ci  :  2.031697e+06 ± 3.922745e+05
numeric issues : 0
-------------------------------------------------------------------

-------------------------------------------------------------------
         SDDP.jl (c) Oscar Dowson and contributors, 2017-25
-------------------------------------------------------------------
problem
  nodes           : 5
  state variables : 5
  scenarios       : 3.27680e+04
  existing cuts   : false
options
  solver          : serial mode
  risk measure    : SDDP.Expectation()
  sampling scheme : SDDP.InSampleMonteCarlo
subproblem structure
  VariableRef                             : [14, 14]
  AffExpr in MOI.GreaterThan{Float64}     : [7, 7]
  AffExpr in MOI.LessThan{Float64}        : [4, 4]
  VariableRef in MOI.EqualTo{Float64}     : [1, 1]
  VariableRef in MOI.GreaterThan{Float64} : [8, 8]
  VariableRef in MOI.Integer              : [5, 5]
  VariableRef in MOI.LessThan{Float64}    : [5, 6]
numerical stability report
  matrix range     [1e+00, 1e+00]
  objective range  [1e+00, 5e+05]
  bounds range     [1e+00, 1e+00]
  rhs range        [0e+00, 0e+00]
-------------------------------------------------------------------
 iteration    simulation      bound        time (s)     solves  pid
-------------------------------------------------------------------
        10L  4.986663e+04  2.079119e+06  1.108940e+00       920   1
        20L  3.799878e+06  2.079330e+06  1.979782e+00      1340   1
        30L  3.003923e+04  2.079457e+06  3.221623e+00      2260   1
        40L  5.549882e+06  2.079457e+06  4.172922e+00      2680   1
        50L  2.799466e+06  2.079457e+06  5.483520e+00      3600   1
        60L  3.549880e+06  2.079457e+06  6.457522e+00      4020   1
-------------------------------------------------------------------
status         : simulation_stopping
total time (s) : 6.457522e+00
total solves   : 4020
best bound     :  2.079457e+06
simulation ci  :  2.352204e+06 ± 5.377531e+05
numeric issues : 0
-------------------------------------------------------------------

-------------------------------------------------------------------
         SDDP.jl (c) Oscar Dowson and contributors, 2017-25
-------------------------------------------------------------------
problem
  nodes           : 1
  state variables : 1
  scenarios       : Inf
  existing cuts   : false
options
  solver          : serial mode
  risk measure    : SDDP.Expectation()
  sampling scheme : SDDP.InSampleMonteCarlo
subproblem structure
  VariableRef                             : [8, 8]
  AffExpr in MOI.EqualTo{Float64}         : [2, 2]
  VariableRef in MOI.EqualTo{Float64}     : [2, 2]
  VariableRef in MOI.GreaterThan{Float64} : [5, 5]
  VariableRef in MOI.LessThan{Float64}    : [1, 1]
numerical stability report
  matrix range     [1e+00, 1e+00]
  objective range  [1e+00, 1e+01]
  bounds range     [5e+00, 2e+01]
  rhs range        [0e+00, 0e+00]
-------------------------------------------------------------------
 iteration    simulation      bound        time (s)     solves  pid
-------------------------------------------------------------------
       100   2.500000e+01  1.188965e+02  8.184419e-01      1946   1
       200   2.500000e+01  1.191634e+02  1.013420e+00      3920   1
       300   0.000000e+00  1.191666e+02  1.212840e+00      5902   1
       330   2.500000e+01  1.191667e+02  1.252694e+00      6224   1
-------------------------------------------------------------------
status         : simulation_stopping
total time (s) : 1.252694e+00
total solves   : 6224
best bound     :  1.191667e+02
simulation ci  :  2.158333e+01 ± 3.290252e+00
numeric issues : 0
-------------------------------------------------------------------

-------------------------------------------------------------------
         SDDP.jl (c) Oscar Dowson and contributors, 2017-25
-------------------------------------------------------------------
problem
  nodes           : 1
  state variables : 1
  scenarios       : Inf
  existing cuts   : false
options
  solver          : serial mode
  risk measure    : SDDP.Expectation()
  sampling scheme : SDDP.InSampleMonteCarlo
subproblem structure
  VariableRef                             : [8, 8]
  AffExpr in MOI.EqualTo{Float64}         : [2, 2]
  VariableRef in MOI.EqualTo{Float64}     : [2, 2]
  VariableRef in MOI.GreaterThan{Float64} : [5, 5]
  VariableRef in MOI.LessThan{Float64}    : [1, 1]
numerical stability report
  matrix range     [1e+00, 1e+00]
  objective range  [1e+00, 1e+01]
  bounds range     [5e+00, 2e+01]
  rhs range        [0e+00, 0e+00]
-------------------------------------------------------------------
 iteration    simulation      bound        time (s)     solves  pid
-------------------------------------------------------------------
       100   0.000000e+00  1.191285e+02  2.830069e-01      2874   1
       200   2.500000e+00  1.191666e+02  5.074930e-01      4855   1
       282   7.500000e+00  1.191667e+02  6.399250e-01      5733   1
-------------------------------------------------------------------
status         : simulation_stopping
total time (s) : 6.399250e-01
total solves   : 5733
best bound     :  1.191667e+02
simulation ci  :  2.104610e+01 ± 3.492245e+00
numeric issues : 0
-------------------------------------------------------------------

-------------------------------------------------------------------
         SDDP.jl (c) Oscar Dowson and contributors, 2017-25
-------------------------------------------------------------------
problem
  nodes           : 1
  state variables : 1
  scenarios       : Inf
  existing cuts   : false
options
  solver          : serial mode
  risk measure    : SDDP.Expectation()
  sampling scheme : SDDP.InSampleMonteCarlo
subproblem structure
  VariableRef                             : [3, 3]
  AffExpr in MOI.EqualTo{Float64}         : [1, 1]
  VariableRef in MOI.GreaterThan{Float64} : [1, 1]
numerical stability report
  matrix range     [1e+00, 1e+00]
  objective range  [1e+00, 1e+00]
  bounds range     [0e+00, 0e+00]
  rhs range        [0e+00, 0e+00]
-------------------------------------------------------------------
 iteration    simulation      bound        time (s)     solves  pid
-------------------------------------------------------------------
        10   4.000000e+00  1.997089e+01  6.678200e-02      1204   1
        20   8.000000e+00  2.000000e+01  8.667707e-02      1420   1
        30   1.600000e+01  2.000000e+01  1.513541e-01      2628   1
        40   8.000000e+00  2.000000e+01  1.721370e-01      2834   1
-------------------------------------------------------------------
status         : simulation_stopping
total time (s) : 1.721370e-01
total solves   : 2834
best bound     :  2.000000e+01
simulation ci  :  1.625000e+01 ± 4.766381e+00
numeric issues : 0
-------------------------------------------------------------------

-------------------------------------------------------------------
         SDDP.jl (c) Oscar Dowson and contributors, 2017-25
-------------------------------------------------------------------
problem
  nodes           : 4
  state variables : 1
  scenarios       : 1.00000e+03
  existing cuts   : false
options
  solver          : serial mode
  risk measure    : A convex combination of 0.5 * SDDP.Expectation() + 0.5 * SDDP.AVaR(0.2)
  sampling scheme : SDDP.InSampleMonteCarlo
subproblem structure
  VariableRef                             : [9, 9]
  AffExpr in MOI.EqualTo{Float64}         : [2, 2]
  VariableRef in MOI.EqualTo{Float64}     : [1, 1]
  VariableRef in MOI.GreaterThan{Float64} : [7, 7]
  VariableRef in MOI.LessThan{Float64}    : [6, 7]
numerical stability report
  matrix range     [1e+00, 1e+00]
  objective range  [1e+00, 5e+01]
  bounds range     [2e+01, 2e+02]
  rhs range        [8e+01, 8e+01]
-------------------------------------------------------------------
 iteration    simulation      bound        time (s)     solves  pid
-------------------------------------------------------------------
         1   1.948878e+03  2.847167e+03  7.688999e-03        35   1
        10   7.500000e+02  2.935390e+03  3.573394e-02       350   1
-------------------------------------------------------------------
status         : iteration_limit
total time (s) : 3.573394e-02
total solves   : 350
best bound     :  2.935390e+03
simulation ci  :  1.544902e+03 ± 5.533339e+02
numeric issues : 0
-------------------------------------------------------------------

-------------------------------------------------------------------
         SDDP.jl (c) Oscar Dowson and contributors, 2017-25
-------------------------------------------------------------------
problem
  nodes           : 1
  state variables : 1
  scenarios       : Inf
  existing cuts   : false
options
  solver          : serial mode
  risk measure    : SDDP.Expectation()
  sampling scheme : SDDP.InSampleMonteCarlo
subproblem structure
  VariableRef                             : [3, 3]
  AffExpr in MOI.EqualTo{Float64}         : [1, 1]
  VariableRef in MOI.GreaterThan{Float64} : [1, 1]
numerical stability report
  matrix range     [1e+00, 1e+00]
  objective range  [1e+00, 1e+00]
  bounds range     [0e+00, 0e+00]
  rhs range        [0e+00, 0e+00]
-------------------------------------------------------------------
 iteration    simulation      bound        time (s)     solves  pid
-------------------------------------------------------------------
         1   1.000000e+00  1.500000e+00  2.225876e-03         3   1
        40   1.000000e+00  2.000000e+00  4.352093e-02       608   1
-------------------------------------------------------------------
status         : simulation_stopping
total time (s) : 4.352093e-02
total solves   : 608
best bound     :  2.000000e+00
simulation ci  :  2.075000e+00 ± 6.408542e-01
numeric issues : 0
-------------------------------------------------------------------

-------------------------------------------------------------------
         SDDP.jl (c) Oscar Dowson and contributors, 2017-25
-------------------------------------------------------------------
problem
  nodes           : 3
  state variables : 1
  scenarios       : 8.51840e+04
  existing cuts   : false
options
  solver          : serial mode
  risk measure    : SDDP.Expectation()
  sampling scheme : SDDP.InSampleMonteCarlo
subproblem structure
  VariableRef                             : [6, 6]
  AffExpr in MOI.EqualTo{Float64}         : [1, 3]
  AffExpr in MOI.LessThan{Float64}        : [2, 2]
  VariableRef in MOI.EqualTo{Float64}     : [1, 1]
  VariableRef in MOI.GreaterThan{Float64} : [3, 4]
  VariableRef in MOI.LessThan{Float64}    : [3, 3]
numerical stability report
  matrix range     [8e-01, 2e+00]
  objective range  [1e+00, 2e+00]
  bounds range     [1e+00, 1e+02]
  rhs range        [5e+01, 5e+01]
-------------------------------------------------------------------
 iteration    simulation      bound        time (s)     solves  pid
-------------------------------------------------------------------
        10   5.500000e+00  5.472460e+00  1.659369e-01      1350   1
        20   4.062500e+00  4.451728e+00  2.454641e-01      2700   1
        30   2.993750e+00  4.101331e+00  3.338799e-01      4050   1
        40   5.750000e+00  4.095725e+00  4.267011e-01      5400   1
        50   5.125000e+00  4.093519e+00  5.252550e-01      6750   1
        60   3.737500e+00  4.089213e+00  6.281869e-01      8100   1
        70   4.500000e+00  4.088135e+00  7.357440e-01      9450   1
        80   4.950000e+00  4.087902e+00  8.482761e-01     10800   1
        90   4.125000e+00  4.087743e+00  9.578211e-01     12150   1
       100   3.275000e+00  4.086282e+00  1.074261e+00     13500   1
       110   5.250000e+00  4.086120e+00  1.191308e+00     14850   1
       120   4.975000e+00  4.086052e+00  1.314674e+00     16200   1
       130   3.518750e+00  4.085417e+00  1.433159e+00     17550   1
       140   4.593750e+00  4.085325e+00  1.584150e+00     18900   1
       150   3.000000e+00  4.085258e+00  1.703376e+00     20250   1
       160   2.700000e+00  4.085247e+00  1.833639e+00     21600   1
       170   3.812500e+00  4.085151e+00  1.959927e+00     22950   1
       180   3.875000e+00  4.085121e+00  2.091374e+00     24300   1
       190   4.687500e+00  4.085102e+00  2.215518e+00     25650   1
       200   2.906250e+00  4.085073e+00  2.342507e+00     27000   1
       210   3.750000e+00  4.085050e+00  2.476361e+00     28350   1
       220   5.050000e+00  4.085037e+00  2.608993e+00     29700   1
       230   2.925000e+00  4.085012e+00  2.736372e+00     31050   1
       240   4.500000e+00  4.084966e+00  2.873858e+00     32400   1
       250   4.875000e+00  4.084904e+00  3.010739e+00     33750   1
       260   3.675000e+00  4.084902e+00  3.139382e+00     35100   1
       270   4.725000e+00  4.084900e+00  3.279230e+00     36450   1
       280   3.437500e+00  4.084896e+00  3.419266e+00     37800   1
       290   3.750000e+00  4.084876e+00  3.564057e+00     39150   1
       300   4.125000e+00  4.084876e+00  3.709321e+00     40500   1
       310   4.875000e+00  4.084803e+00  3.861535e+00     41850   1
       320   5.625000e+00  4.084803e+00  4.008334e+00     43200   1
       330   3.825000e+00  4.084800e+00  4.157837e+00     44550   1
       340   3.300000e+00  4.084796e+00  4.307115e+00     45900   1
       350   5.887500e+00  4.084796e+00  4.486437e+00     47250   1
       360   3.600000e+00  4.084786e+00  4.633090e+00     48600   1
       370   3.618750e+00  4.084786e+00  4.778239e+00     49950   1
       380   4.968750e+00  4.084782e+00  4.925497e+00     51300   1
       390   3.300000e+00  4.084780e+00  5.068936e+00     52650   1
       400   4.006250e+00  4.084779e+00  5.224622e+00     54000   1
       410   4.050000e+00  4.084779e+00  5.378922e+00     55350   1
       420   5.125000e+00  4.084776e+00  5.525672e+00     56700   1
       430   4.000000e+00  4.084776e+00  5.672499e+00     58050   1
       440   4.125000e+00  4.084776e+00  5.824908e+00     59400   1
       450   3.112500e+00  4.084776e+00  5.979347e+00     60750   1
       460   3.750000e+00  4.084771e+00  6.126635e+00     62100   1
       470   3.187500e+00  4.084764e+00  6.259783e+00     63450   1
       480   3.031250e+00  4.084755e+00  6.414302e+00     64800   1
       490   4.181250e+00  4.084753e+00  6.558147e+00     66150   1
       500   3.187500e+00  4.084746e+00  6.712770e+00     67500   1
       510   4.875000e+00  4.084741e+00  6.855082e+00     68850   1
       520   3.900000e+00  4.084737e+00  6.999543e+00     70200   1
       530   4.350000e+00  4.084737e+00  7.150943e+00     71550   1
       540   4.212500e+00  4.084737e+00  7.299303e+00     72900   1
       550   4.250000e+00  4.084734e+00  7.479501e+00     74250   1
       560   3.750000e+00  4.084734e+00  7.631304e+00     75600   1
       570   5.306250e+00  4.084730e+00  7.784899e+00     76950   1
       580   4.725000e+00  4.084730e+00  7.941583e+00     78300   1
       590   4.250000e+00  4.084730e+00  8.092697e+00     79650   1
       600   4.000000e+00  4.084730e+00  8.253084e+00     81000   1
       610   4.600000e+00  4.084730e+00  8.404563e+00     82350   1
       620   3.375000e+00  4.084730e+00  8.564659e+00     83700   1
       630   3.981250e+00  4.084725e+00  8.732065e+00     85050   1
       640   3.250000e+00  4.084725e+00  8.885500e+00     86400   1
       650   3.625000e+00  4.084725e+00  9.040427e+00     87750   1
       660   4.781250e+00  4.084725e+00  9.196378e+00     89100   1
       670   4.287500e+00  4.084725e+00  9.357747e+00     90450   1
       680   2.731250e+00  4.084725e+00  9.523063e+00     91800   1
       690   5.237500e+00  4.084725e+00  9.683599e+00     93150   1
       700   3.325000e+00  4.084725e+00  9.838503e+00     94500   1
       710   4.750000e+00  4.084725e+00  1.000464e+01     95850   1
       720   4.537500e+00  4.084725e+00  1.016641e+01     97200   1
       730   4.725000e+00  4.084725e+00  1.033761e+01     98550   1
       740   4.475000e+00  4.084725e+00  1.052366e+01     99900   1
       750   2.893750e+00  4.084725e+00  1.068349e+01    101250   1
       760   3.525000e+00  4.084725e+00  1.085064e+01    102600   1
       770   3.525000e+00  4.084725e+00  1.101125e+01    103950   1
       780   3.262500e+00  4.084725e+00  1.117924e+01    105300   1
       790   4.918750e+00  4.084725e+00  1.135255e+01    106650   1
       800   3.750000e+00  4.084725e+00  1.151973e+01    108000   1
       810   4.687500e+00  4.084725e+00  1.169305e+01    109350   1
       820   4.018750e+00  4.084725e+00  1.187067e+01    110700   1
       830   4.712500e+00  4.084725e+00  1.205459e+01    112050   1
       840   4.256250e+00  4.084725e+00  1.223081e+01    113400   1
       850   5.175000e+00  4.084725e+00  1.240015e+01    114750   1
       860   3.125000e+00  4.084725e+00  1.257482e+01    116100   1
       870   2.762500e+00  4.084725e+00  1.274204e+01    117450   1
       880   3.375000e+00  4.084725e+00  1.290406e+01    118800   1
       890   3.875000e+00  4.084725e+00  1.308275e+01    120150   1
       900   3.093750e+00  4.084725e+00  1.325261e+01    121500   1
       910   4.125000e+00  4.084724e+00  1.344169e+01    122850   1
       920   4.750000e+00  4.084724e+00  1.364636e+01    124200   1
       930   5.431250e+00  4.084724e+00  1.382426e+01    125550   1
       940   3.000000e+00  4.084724e+00  1.400122e+01    126900   1
       950   4.243750e+00  4.084724e+00  1.417630e+01    128250   1
       960   3.756250e+00  4.084724e+00  1.434784e+01    129600   1
       970   3.750000e+00  4.084724e+00  1.452871e+01    130950   1
       980   4.350000e+00  4.084724e+00  1.470441e+01    132300   1
       990   3.375000e+00  4.084722e+00  1.488308e+01    133650   1
      1000   4.750000e+00  4.084722e+00  1.505693e+01    135000   1
      1010   3.825000e+00  4.084722e+00  1.523896e+01    136350   1
      1020   4.000000e+00  4.084722e+00  1.540862e+01    137700   1
      1030   4.500000e+00  4.084722e+00  1.559102e+01    139050   1
      1040   3.637500e+00  4.084722e+00  1.577590e+01    140400   1
      1050   4.056250e+00  4.084722e+00  1.595459e+01    141750   1
      1060   4.925000e+00  4.084722e+00  1.613198e+01    143100   1
      1070   4.500000e+00  4.084722e+00  1.634319e+01    144450   1
      1080   5.000000e+00  4.084722e+00  1.652505e+01    145800   1
      1090   4.393750e+00  4.084722e+00  1.669743e+01    147150   1
      1100   3.750000e+00  4.084722e+00  1.688300e+01    148500   1
      1110   4.306250e+00  4.084722e+00  1.704701e+01    149850   1
      1120   4.200000e+00  4.084722e+00  1.721838e+01    151200   1
      1130   4.343750e+00  4.084722e+00  1.739946e+01    152550   1
      1140   4.650000e+00  4.084722e+00  1.758031e+01    153900   1
      1150   4.537500e+00  4.084722e+00  1.776428e+01    155250   1
      1160   4.250000e+00  4.084722e+00  1.794775e+01    156600   1
      1170   3.312500e+00  4.084722e+00  1.812216e+01    157950   1
      1180   4.968750e+00  4.084722e+00  1.829142e+01    159300   1
      1190   4.062500e+00  4.084718e+00  1.847321e+01    160650   1
      1200   3.750000e+00  4.084718e+00  1.864898e+01    162000   1
      1210   4.387500e+00  4.084718e+00  1.882365e+01    163350   1
      1220   5.237500e+00  4.084718e+00  1.904528e+01    164700   1
      1230   2.737500e+00  4.084718e+00  1.923169e+01    166050   1
      1240   4.587500e+00  4.084713e+00  1.942773e+01    167400   1
      1250   3.787500e+00  4.084713e+00  1.961792e+01    168750   1
      1260   4.250000e+00  4.084713e+00  1.981547e+01    170100   1
      1270   4.125000e+00  4.084713e+00  1.999900e+01    171450   1
      1271   4.625000e+00  4.084713e+00  2.001939e+01    171585   1
-------------------------------------------------------------------
status         : time_limit
total time (s) : 2.001939e+01
total solves   : 171585
best bound     :  4.084713e+00
simulation ci  :  4.103855e+00 ± 4.057743e-02
numeric issues : 0
-------------------------------------------------------------------

-------------------------------------------------------------------
         SDDP.jl (c) Oscar Dowson and contributors, 2017-25
-------------------------------------------------------------------
problem
  nodes           : 3
  state variables : 1
  scenarios       : 8.51840e+04
  existing cuts   : false
options
  solver          : serial mode
  risk measure    : SDDP.Expectation()
  sampling scheme : SDDP.InSampleMonteCarlo
subproblem structure
  VariableRef                             : [6, 6]
  AffExpr in MOI.EqualTo{Float64}         : [1, 3]
  AffExpr in MOI.LessThan{Float64}        : [2, 2]
  VariableRef in MOI.EqualTo{Float64}     : [1, 1]
  VariableRef in MOI.GreaterThan{Float64} : [3, 4]
  VariableRef in MOI.LessThan{Float64}    : [3, 3]
numerical stability report
  matrix range     [8e-01, 2e+00]
  objective range  [1e+00, 2e+00]
  bounds range     [1e+00, 1e+02]
  rhs range        [5e+01, 5e+01]
-------------------------------------------------------------------
 iteration    simulation      bound        time (s)     solves  pid
-------------------------------------------------------------------
        10   3.375000e+00  4.071679e+00  1.928351e-01      1350   1
        20   3.637500e+00  4.052242e+00  5.729291e-01      2700   1
        30   3.900000e+00  4.052166e+00  1.074351e+00      4050   1
        40   3.862500e+00  4.043646e+00  1.689106e+00      5400   1
        50   3.375000e+00  4.043520e+00  2.494335e+00      6750   1
        60   3.625000e+00  4.043359e+00  3.448857e+00      8100   1
        70   3.375000e+00  4.038651e+00  4.451681e+00      9450   1
        80   3.562500e+00  4.037869e+00  5.571873e+00     10800   1
        90   4.575000e+00  4.037634e+00  6.782662e+00     12150   1
       100   5.625000e+00  4.037441e+00  8.024067e+00     13500   1
       110   3.375000e+00  4.037493e+00  9.448474e+00     14850   1
       120   4.100000e+00  4.037463e+00  1.097913e+01     16200   1
       130   5.287500e+00  4.037443e+00  1.260442e+01     17550   1
       140   4.125000e+00  4.037443e+00  1.436127e+01     18900   1
       150   3.687500e+00  4.037416e+00  1.625660e+01     20250   1
       160   2.987500e+00  4.037415e+00  1.815471e+01     21600   1
       169   4.187500e+00  4.037380e+00  2.003609e+01     22815   1
-------------------------------------------------------------------
status         : time_limit
total time (s) : 2.003609e+01
total solves   : 22815
best bound     :  4.037380e+00
simulation ci  :  4.029808e+00 ± 1.114042e-01
numeric issues : 0
-------------------------------------------------------------------

-------------------------------------------------------------------
         SDDP.jl (c) Oscar Dowson and contributors, 2017-25
-------------------------------------------------------------------
problem
  nodes           : 8
  state variables : 1
  scenarios       : 1.00000e+08
  existing cuts   : false
options
  solver          : serial mode
  risk measure    : SDDP.Expectation()
  sampling scheme : SDDP.InSampleMonteCarlo
subproblem structure
  VariableRef                             : [7, 7]
  AffExpr in MOI.EqualTo{Float64}         : [1, 1]
  AffExpr in MOI.GreaterThan{Float64}     : [2, 2]
  VariableRef in MOI.EqualTo{Float64}     : [1, 1]
  VariableRef in MOI.GreaterThan{Float64} : [4, 4]
  VariableRef in MOI.LessThan{Float64}    : [1, 2]
  VariableRef in MOI.ZeroOne              : [1, 1]
numerical stability report
  matrix range     [1e+00, 2e+00]
  objective range  [5e-01, 1e+00]
  bounds range     [1e+00, 1e+00]
  rhs range        [1e+00, 1e+00]
-------------------------------------------------------------------
 iteration    simulation      bound        time (s)     solves  pid
-------------------------------------------------------------------
        10   3.899819e+00  1.161263e+00  3.681378e-01      1680   1
        20   3.351013e+00  1.167070e+00  4.577410e-01      2560   1
        30   3.267401e+00  1.167416e+00  8.187048e-01      4240   1
        40   3.130375e+00  1.167416e+00  9.123700e-01      5120   1
        50   3.641722e+00  1.167416e+00  1.281971e+00      6800   1
        60   3.524846e+00  1.167416e+00  1.383605e+00      7680   1
        70   3.135381e+00  1.167416e+00  1.756884e+00      9360   1
        80   4.637211e+00  1.167416e+00  1.855961e+00     10240   1
        81   2.701317e+00  1.167416e+00  1.866330e+00     10328   1
-------------------------------------------------------------------
status         : simulation_stopping
total time (s) : 1.866330e+00
total solves   : 10328
best bound     :  1.167416e+00
simulation ci  :  3.399398e+00 ± 1.106055e-01
numeric issues : 0
-------------------------------------------------------------------

-------------------------------------------------------------------
         SDDP.jl (c) Oscar Dowson and contributors, 2017-25
-------------------------------------------------------------------
problem
  nodes           : 2
  state variables : 2
  scenarios       : 4.00000e+00
  existing cuts   : false
options
  solver          : serial mode
  risk measure    : SDDP.Expectation()
  sampling scheme : SDDP.InSampleMonteCarlo
subproblem structure
  VariableRef                             : [7, 11]
  AffExpr in MOI.EqualTo{Float64}         : [2, 2]
  AffExpr in MOI.LessThan{Float64}        : [2, 2]
  VariableRef in MOI.EqualTo{Float64}     : [2, 2]
  VariableRef in MOI.GreaterThan{Float64} : [5, 7]
  VariableRef in MOI.Integer              : [2, 2]
  VariableRef in MOI.LessThan{Float64}    : [4, 7]
  VariableRef in MOI.ZeroOne              : [4, 4]
numerical stability report
  matrix range     [1e+00, 6e+00]
  objective range  [1e+00, 3e+01]
  bounds range     [1e+00, 1e+02]
  rhs range        [0e+00, 0e+00]
-------------------------------------------------------------------
 iteration    simulation      bound        time (s)     solves  pid
-------------------------------------------------------------------
        10  -4.000000e+01 -5.809615e+01  3.091598e-02        78   1
        20  -9.800000e+01 -5.809615e+01  6.294298e-02       148   1
        30  -9.800000e+01 -5.809615e+01  1.000409e-01       226   1
        40  -9.800000e+01 -5.809615e+01  1.329219e-01       296   1
-------------------------------------------------------------------
status         : simulation_stopping
total time (s) : 1.329219e-01
total solves   : 296
best bound     : -5.809615e+01
simulation ci  : -5.426250e+01 ± 7.575865e+00
numeric issues : 0
-------------------------------------------------------------------

-------------------------------------------------------------------
         SDDP.jl (c) Oscar Dowson and contributors, 2017-25
-------------------------------------------------------------------
problem
  nodes           : 2
  state variables : 2
  scenarios       : 9.00000e+00
  existing cuts   : false
options
  solver          : serial mode
  risk measure    : SDDP.Expectation()
  sampling scheme : SDDP.InSampleMonteCarlo
subproblem structure
  VariableRef                             : [7, 11]
  AffExpr in MOI.EqualTo{Float64}         : [2, 2]
  AffExpr in MOI.LessThan{Float64}        : [2, 2]
  VariableRef in MOI.EqualTo{Float64}     : [2, 2]
  VariableRef in MOI.GreaterThan{Float64} : [5, 7]
  VariableRef in MOI.Integer              : [2, 2]
  VariableRef in MOI.LessThan{Float64}    : [4, 7]
  VariableRef in MOI.ZeroOne              : [4, 4]
numerical stability report
  matrix range     [1e+00, 6e+00]
  objective range  [1e+00, 3e+01]
  bounds range     [1e+00, 1e+02]
  rhs range        [0e+00, 0e+00]
-------------------------------------------------------------------
 iteration    simulation      bound        time (s)     solves  pid
-------------------------------------------------------------------
        10  -6.300000e+01 -6.196125e+01  3.894377e-02       138   1
        20  -9.800000e+01 -6.196125e+01  7.416797e-02       258   1
        30  -4.000000e+01 -6.196125e+01  1.220939e-01       396   1
        40  -6.300000e+01 -6.196125e+01  1.586418e-01       516   1
-------------------------------------------------------------------
status         : simulation_stopping
total time (s) : 1.586418e-01
total solves   : 516
best bound     : -6.196125e+01
simulation ci  : -5.938750e+01 ± 6.843331e+00
numeric issues : 0
-------------------------------------------------------------------

-------------------------------------------------------------------
         SDDP.jl (c) Oscar Dowson and contributors, 2017-25
-------------------------------------------------------------------
problem
  nodes           : 2
  state variables : 2
  scenarios       : 3.60000e+01
  existing cuts   : false
options
  solver          : serial mode
  risk measure    : SDDP.Expectation()
  sampling scheme : SDDP.InSampleMonteCarlo
subproblem structure
  VariableRef                             : [7, 11]
  AffExpr in MOI.EqualTo{Float64}         : [2, 2]
  AffExpr in MOI.LessThan{Float64}        : [2, 2]
  VariableRef in MOI.EqualTo{Float64}     : [2, 2]
  VariableRef in MOI.GreaterThan{Float64} : [5, 7]
  VariableRef in MOI.Integer              : [2, 2]
  VariableRef in MOI.LessThan{Float64}    : [4, 7]
  VariableRef in MOI.ZeroOne              : [4, 4]
numerical stability report
  matrix range     [1e+00, 6e+00]
  objective range  [1e+00, 3e+01]
  bounds range     [1e+00, 1e+02]
  rhs range        [0e+00, 0e+00]
-------------------------------------------------------------------
 iteration    simulation      bound        time (s)     solves  pid
-------------------------------------------------------------------
        10  -7.900000e+01 -6.546793e+01  7.666087e-02       462   1
        20  -7.500000e+01 -6.546793e+01  1.352329e-01       852   1
        30  -5.400000e+01 -6.546793e+01  2.477639e-01      1314   1
        40  -7.500000e+01 -6.546793e+01  3.090959e-01      1704   1
-------------------------------------------------------------------
status         : simulation_stopping
total time (s) : 3.090959e-01
total solves   : 1704
best bound     : -6.546793e+01
simulation ci  : -5.903750e+01 ± 5.130817e+00
numeric issues : 0
-------------------------------------------------------------------

-------------------------------------------------------------------
         SDDP.jl (c) Oscar Dowson and contributors, 2017-25
-------------------------------------------------------------------
problem
  nodes           : 3
  state variables : 2
  scenarios       : 2.70000e+01
  existing cuts   : false
options
  solver          : serial mode
  risk measure    : SDDP.Expectation()
  sampling scheme : SDDP.InSampleMonteCarlo
subproblem structure
  VariableRef                             : [9, 9]
  AffExpr in MOI.EqualTo{Float64}         : [2, 2]
  AffExpr in MOI.LessThan{Float64}        : [2, 2]
  VariableRef in MOI.EqualTo{Float64}     : [2, 2]
  VariableRef in MOI.GreaterThan{Float64} : [2, 3]
  VariableRef in MOI.LessThan{Float64}    : [3, 3]
  VariableRef in MOI.ZeroOne              : [4, 4]
numerical stability report
  matrix range     [1e+00, 1e+00]
  objective range  [1e+00, 6e+00]
  bounds range     [1e+00, 1e+02]
  rhs range        [0e+00, 0e+00]
-------------------------------------------------------------------
 iteration    simulation      bound        time (s)     solves  pid
-------------------------------------------------------------------
         1L  6.000000e+00  1.200000e+01  4.447412e-02        11   1
        40L  6.000000e+00  8.000000e+00  4.038961e-01       602   1
-------------------------------------------------------------------
status         : simulation_stopping
total time (s) : 4.038961e-01
total solves   : 602
best bound     :  8.000000e+00
simulation ci  :  8.850000e+00 ± 9.165046e-01
numeric issues : 0
-------------------------------------------------------------------

-------------------------------------------------------------------
         SDDP.jl (c) Oscar Dowson and contributors, 2017-25
-------------------------------------------------------------------
problem
  nodes           : 2
  state variables : 3
  scenarios       : 3.00000e+00
  existing cuts   : false
options
  solver          : serial mode
  risk measure    : SDDP.Expectation()
  sampling scheme : SDDP.InSampleMonteCarlo
subproblem structure
  VariableRef                             : [7, 19]
  AffExpr in MOI.EqualTo{Float64}         : [3, 3]
  AffExpr in MOI.GreaterThan{Float64}     : [3, 3]
  AffExpr in MOI.LessThan{Float64}        : [1, 1]
  VariableRef in MOI.GreaterThan{Float64} : [3, 16]
  VariableRef in MOI.LessThan{Float64}    : [1, 2]
numerical stability report
  matrix range     [1e+00, 2e+01]
  objective range  [1e+00, 1e+03]
  bounds range     [6e+03, 5e+05]
  rhs range        [2e+02, 5e+02]
-------------------------------------------------------------------
 iteration    simulation      bound        time (s)     solves  pid
-------------------------------------------------------------------
         1  -9.800000e+04  4.922260e+05  9.140897e-02         6   1
        40   1.093500e+05  1.083900e+05  1.192939e-01       240   1
-------------------------------------------------------------------
status         : iteration_limit
total time (s) : 1.192939e-01
total solves   : 240
best bound     :  1.083900e+05
simulation ci  :  8.107403e+04 ± 1.839912e+04
numeric issues : 0
-------------------------------------------------------------------

